*** glibc detected *** ../../machines/lrz-ib_phi/lammps-10Mar16/src/lmp_intel_phi_default_vector: malloc(): memory corruption: 0x00002ab26e66de10 ***
======= Backtrace: =========
/lib64/libc.so.6(+0x76628)[0x2ab26e371628]
/lib64/libc.so.6(+0x795df)[0x2ab26e3745df]
/lib64/libc.so.6(__libc_malloc+0x77)[0x2ab26e3766b7]
/usr/lib64/libstdc++.so.6(_Znwm+0x1d)[0x2ab26de4208d]
/usr/lib64/libcoi_host.so.0(+0x214d1)[0x2ab26fe8d4d1]
/usr/lib64/libcoi_host.so.0(+0x1edb5)[0x2ab26fe8adb5]
/usr/lib64/libcoi_host.so.0(+0x1a7a2)[0x2ab26fe867a2]
/usr/lib64/libcoi_host.so.0(COIBufferSetState+0x16b)[0x2ab26fe7d78b]
/lrz/sys/intel/compiler/composer_xe_2015.5.223/compiler/lib/intel64/liboffload.so.5(+0x17ea2)[0x2ab26d979ea2]
/lrz/sys/intel/compiler/composer_xe_2015.5.223/compiler/lib/intel64/liboffload.so.5(+0x11d3a)[0x2ab26d973d3a]
/lrz/sys/intel/compiler/composer_xe_2015.5.223/compiler/lib/intel64/liboffload.so.5(+0x101c7)[0x2ab26d9721c7]
/lrz/sys/intel/compiler/composer_xe_2015.5.223/compiler/lib/intel64/liboffload.so.5(+0xf98c)[0x2ab26d97198c]
/lrz/sys/intel/compiler/composer_xe_2015.5.223/compiler/lib/intel64/liboffload.so.5(__offload_offload1+0x52)[0x2ab26d983792]
../../machines/lrz-ib_phi/lammps-10Mar16/src/lmp_intel_phi_default_vector[0x771f1c]
../../machines/lrz-ib_phi/lammps-10Mar16/src/lmp_intel_phi_default_vector[0x890e33]
../../machines/lrz-ib_phi/lammps-10Mar16/src/lmp_intel_phi_default_vector[0x822a94]
../../machines/lrz-ib_phi/lammps-10Mar16/src/lmp_intel_phi_default_vector[0x80a0e2]
../../machines/lrz-ib_phi/lammps-10Mar16/src/lmp_intel_phi_default_vector[0x1189bff]
../../machines/lrz-ib_phi/lammps-10Mar16/src/lmp_intel_phi_default_vector[0x114a35c]
../../machines/lrz-ib_phi/lammps-10Mar16/src/lmp_intel_phi_default_vector[0x76aea9]
../../machines/lrz-ib_phi/lammps-10Mar16/src/lmp_intel_phi_default_vector[0x7636d5]
../../machines/lrz-ib_phi/lammps-10Mar16/src/lmp_intel_phi_default_vector[0x760a87]
../../machines/lrz-ib_phi/lammps-10Mar16/src/lmp_intel_phi_default_vector[0x787ab1]
/lib64/libc.so.6(__libc_start_main+0xe6)[0x2ab26e319c36]
../../machines/lrz-ib_phi/lammps-10Mar16/src/lmp_intel_phi_default_vector[0x40a119]
======= Memory map: ========
00400000-01d42000 r-xp 00000000 00:20 298139455                          /home/hpc/pr92ka/di49reb/tersoff-sc16/machines/lrz-ib_phi/lammps-10Mar16/src/lmp_intel_phi_default_vector
01f42000-01f44000 r-xp 01942000 00:20 298139455                          /home/hpc/pr92ka/di49reb/tersoff-sc16/machines/lrz-ib_phi/lammps-10Mar16/src/lmp_intel_phi_default_vector
01f44000-0200d000 rwxp 01944000 00:20 298139455                          /home/hpc/pr92ka/di49reb/tersoff-sc16/machines/lrz-ib_phi/lammps-10Mar16/src/lmp_intel_phi_default_vector
0200d000-020c0000 rwxp 00000000 00:00 0                                  [heap]
020c0000-020c1000 rwxp 00000000 00:00 0                                  [heap]
020c1000-020c2000 rwxp 00000000 00:00 0                                  [heap]
020c2000-020c3000 rwxp 00000000 00:00 0                                  [heap]
020c3000-020c4000 rwxp 00000000 00:00 0                                  [heap]
020c4000-020c5000 rwxp 00000000 00:00 0                                  [heap]
020c5000-020c6000 rwxp 00000000 00:00 0                                  [heap]
020c6000-020c7000 rwxp 00000000 00:00 0                                  [heap]
020c7000-020c8000 rwxp 00000000 00:00 0                                  [heap]
020c8000-020c9000 rwxp 00000000 00:00 0                                  [heap]
020c9000-021c6000 rwxp 00000000 00:00 0                                  [heap]
021c6000-021c7000 rwxp 00000000 00:00 0                                  [heap]
021c7000-021c8000 rwxp 00000000 00:00 0                                  [heap]
021c8000-021c9000 rwxp 00000000 00:00 0                                  [heap]
021c9000-021ca000 rwxp 00000000 00:00 0                                  [heap]
021ca000-021cb000 rwxp 00000000 00:00 0                                  [heap]
021cb000-021cd000 rwxp 00000000 00:00 0                                  [heap]
021cd000-021ce000 rwxp 00000000 00:00 0                                  [heap]
021ce000-021cf000 rwxp 00000000 00:00 0                                  [heap]
021cf000-021d0000 rwxp 00000000 00:00 0                                  [heap]
021d0000-021d1000 rwxp 00000000 00:00 0                                  [heap]
021d1000-021d2000 rwxp 00000000 00:00 0                                  [heap]
021d2000-021d3000 rwxp 00000000 00:00 0                                  [heap]
021d3000-021d4000 rwxp 00000000 00:00 0                                  [heap]
021d4000-021d5000 rwxp 00000000 00:00 0                                  [heap]
021d5000-021d6000 rwxp 00000000 00:00 0                                  [heap]
021d6000-021d7000 rwxp 00000000 00:00 0                                  [heap]
021d7000-021d8000 rwxp 00000000 00:00 0                                  [heap]
021d8000-021d9000 rwxp 00000000 00:00 0                                  [heap]
021d9000-0225a000 rwxp 00000000 00:00 0                                  [heap]
0225a000-0225b000 rwxp 00000000 00:00 0                                  [heap]
0225b000-022dc000 rwxp 00000000 00:00 0                                  [heap]
022dc000-022dd000 rwxp 00000000 00:00 0                                  [heap]
022dd000-0235e000 rwxp 00000000 00:00 0                                  [heap]
0235e000-03274000 rwxp 00000000 00:00 0                                  [heap]
03274000-032f5000 rwxp 00000000 00:00 0                                  [heap]
032f5000-032f6000 rwxp 00000000 00:00 0                                  [heap]
032f6000-03397000 rwxp 00000000 00:00 0                                  [heap]
03397000-03398000 rwxp 00000000 00:00 0                                  [heap]
03398000-03439000 rwxp 00000000 00:00 0                                  [heap]
03439000-0343a000 rwxp 00000000 00:00 0                                  [heap]
0343a000-0343b000 rwxp 00000000 00:00 0                                  [heap]
0343b000-0343c000 rwxp 00000000 00:00 0                                  [heap]
0343c000-0343d000 rwxp 00000000 00:00 0                                  [heap]
0343d000-03f79000 rwxp 00000000 00:00 0                                  [heap]
03f79000-040e0000 rwxp 00000000 00:00 0                                  [heap]
040e0000-04ebf000 rwxp 00000000 00:00 0                                  [heap]
04ebf000-05167000 rwxp 00000000 00:00 0                                  [heap]
05167000-05188000 rwxp 00000000 00:00 0                                  [heap]
2aaaaaab0000-2aaaaaab8000 rwxs 00f02000 00:10 31884                      /dev/infiniband/uverbs0
2aaaaaab8000-2aaaaaac0000 rwxs 00f02000 00:10 31884                      /dev/infiniband/uverbs0
2aaaaaac0000-2aaaaaae2000 rwxs 01202000 00:10 31884                      /dev/infiniband/uverbs0
2ab2682e1000-2ab268300000 r-xp 00000000 00:10 25473                      /lib64/ld-2.11.3.so
2ab268300000-2ab268302000 rwxp 00000000 00:00 0 
2ab2684ff000-2ab268500000 r-xp 0001e000 00:10 25473                      /lib64/ld-2.11.3.so
2ab268500000-2ab268501000 rwxp 0001f000 00:10 25473                      /lib64/ld-2.11.3.so
2ab268501000-2ab268502000 rwxp 00000000 00:00 0 
2ab268502000-2ab268be7000 r-xp 00000000 00:19 99878849                   /lrz/mnt/sys.x86_64/intel/studio_u5/compilers_and_libraries_2016.2.181/linux/mkl/lib/intel64_lin/libmkl_intel_ilp64.so
2ab268be7000-2ab268de7000 ---p 006e5000 00:19 99878849                   /lrz/mnt/sys.x86_64/intel/studio_u5/compilers_and_libraries_2016.2.181/linux/mkl/lib/intel64_lin/libmkl_intel_ilp64.so
2ab268de7000-2ab268de8000 r-xp 006e5000 00:19 99878849                   /lrz/mnt/sys.x86_64/intel/studio_u5/compilers_and_libraries_2016.2.181/linux/mkl/lib/intel64_lin/libmkl_intel_ilp64.so
2ab268de8000-2ab268df8000 rwxp 006e6000 00:19 99878849                   /lrz/mnt/sys.x86_64/intel/studio_u5/compilers_and_libraries_2016.2.181/linux/mkl/lib/intel64_lin/libmkl_intel_ilp64.so
2ab268df8000-2ab268dfd000 rwxp 00000000 00:00 0 
2ab268dfd000-2ab26a0b9000 r-xp 00000000 00:19 99878851                   /lrz/mnt/sys.x86_64/intel/studio_u5/compilers_and_libraries_2016.2.181/linux/mkl/lib/intel64_lin/libmkl_intel_thread.so
2ab26a0b9000-2ab26a2b9000 ---p 012bc000 00:19 99878851                   /lrz/mnt/sys.x86_64/intel/studio_u5/compilers_and_libraries_2016.2.181/linux/mkl/lib/intel64_lin/libmkl_intel_thread.so
2ab26a2b9000-2ab26a2ba000 r-xp 012bc000 00:19 99878851                   /lrz/mnt/sys.x86_64/intel/studio_u5/compilers_and_libraries_2016.2.181/linux/mkl/lib/intel64_lin/libmkl_intel_thread.so
2ab26a2ba000-2ab26a44c000 rwxp 012bd000 00:19 99878851                   /lrz/mnt/sys.x86_64/intel/studio_u5/compilers_and_libraries_2016.2.181/linux/mkl/lib/intel64_lin/libmkl_intel_thread.so
2ab26a44c000-2ab26a452000 rwxp 00000000 00:00 0 
2ab26a452000-2ab26bb5f000 r-xp 00000000 00:19 99878847                   /lrz/mnt/sys.x86_64/intel/studio_u5/compilers_and_libraries_2016.2.181/linux/mkl/lib/intel64_lin/libmkl_core.so
2ab26bb5f000-2ab26bd5e000 ---p 0170d000 00:19 99878847                   /lrz/mnt/sys.x86_64/intel/studio_u5/compilers_and_libraries_2016.2.181/linux/mkl/lib/intel64_lin/libmkl_core.so
2ab26bd5e000-2ab26bd66000 r-xp 0170c000 00:19 99878847                   /lrz/mnt/sys.x86_64/intel/studio_u5/compilers_and_libraries_2016.2.181/linux/mkl/lib/intel64_lin/libmkl_core.so
2ab26bd66000-2ab26bd87000 rwxp 01714000 00:19 99878847                   /lrz/mnt/sys.x86_64/intel/studio_u5/compilers_and_libraries_2016.2.181/linux/mkl/lib/intel64_lin/libmkl_core.so
2ab26bd87000-2ab26bdd9000 rwxp 00000000 00:00 0 
2ab26bde3000-2ab26bde4000 rwxp 00000000 00:00 0 
2ab26bde4000-2ab26be06000 r-xp 00000000 00:10 43819                      /usr/lib64/libjpeg.so.62.0.0
2ab26be06000-2ab26c006000 ---p 00022000 00:10 43819                      /usr/lib64/libjpeg.so.62.0.0
2ab26c006000-2ab26c007000 r-xp 00022000 00:10 43819                      /usr/lib64/libjpeg.so.62.0.0
2ab26c007000-2ab26c008000 rwxp 00023000 00:10 43819                      /usr/lib64/libjpeg.so.62.0.0
2ab26c008000-2ab26c112000 r-xp 00000000 00:19 84953501                   /lrz/mnt/sys.x86_64/intel/compiler/composer_xe_2015.5.223/compiler/lib/intel64/libiomp5.so
2ab26c112000-2ab26c311000 ---p 0010a000 00:19 84953501                   /lrz/mnt/sys.x86_64/intel/compiler/composer_xe_2015.5.223/compiler/lib/intel64/libiomp5.so
2ab26c311000-2ab26c313000 r-xp 00109000 00:19 84953501                   /lrz/mnt/sys.x86_64/intel/compiler/composer_xe_2015.5.223/compiler/lib/intel64/libiomp5.so
2ab26c313000-2ab26c31c000 rwxp 0010b000 00:19 84953501                   /lrz/mnt/sys.x86_64/intel/compiler/composer_xe_2015.5.223/compiler/lib/intel64/libiomp5.so
2ab26c31c000-2ab26c349000 rwxp 00000000 00:00 0 
2ab26c349000-2ab26c360000 r-xp 00000000 00:10 25476                      /lib64/libpthread-2.11.3.so
2ab26c360000-2ab26c560000 ---p 00017000 00:10 25476                      /lib64/libpthread-2.11.3.so
2ab26c560000-2ab26c561000 r-xp 00017000 00:10 25476                      /lib64/libpthread-2.11.3.so
2ab26c561000-2ab26c562000 rwxp 00018000 00:10 25476                      /lib64/libpthread-2.11.3.so
2ab26c562000-2ab26c567000 rwxp 00000000 00:00 0 
2ab26c567000-2ab26c5c2000 r-xp 00000000 00:10 25477                      /lib64/libm-2.11.3.so
2ab26c5c2000-2ab26c7c1000 ---p 0005b000 00:10 25477                      /lib64/libm-2.11.3.so
2ab26c7c1000-2ab26c7c2000 r-xp 0005a000 00:10 25477                      /lib64/libm-2.11.3.so
2ab26c7c2000-2ab26c7e0000 rwxp 0005b000 00:10 25477                      /lib64/libm-2.11.3.so
2ab26c7e0000-2ab26c7fe000 r-xp 00000000 00:19 79474820                   /lrz/mnt/sys.x86_64/intel/compilers_and_libraries_2016.1.150/linux/mpi/intel64/lib/libmpicxx.so.12.0
2ab26c7fe000-2ab26c9fd000 ---p 0001e000 00:19 79474820                   /lrz/mnt/sys.x86_64/intel/compilers_and_libraries_2016.1.150/linux/mpi/intel64/lib/libmpicxx.so.12.0
2ab26c9fd000-2ab26ca00000 rwxp 0001d000 00:19 79474820                   /lrz/mnt/sys.x86_64/intel/compilers_and_libraries_2016.1.150/linux/mpi/intel64/lib/libmpicxx.so.12.0
2ab26ca00000-2ab26cb66000 r-xp 00000000 00:19 79474823                   /lrz/mnt/sys.x86_64/intel/compilers_and_libraries_2016.1.150/linux/mpi/intel64/lib/libmpifort.so.12.0
2ab26cb66000-2ab26cd66000 ---p 00166000 00:19 79474823                   /lrz/mnt/sys.x86_64/intel/compilers_and_libraries_2016.1.150/linux/mpi/intel64/lib/libmpifort.so.12.0
2ab26cd66000-2ab26cd6d000 rwxp 00166000 00:19 79474823                   /lrz/mnt/sys.x86_64/intel/compilers_and_libraries_2016.1.150/linux/mpi/intel64/lib/libmpifort.so.12.0
2ab26cd6d000-2ab26cd92000 rwxp 00000000 00:00 0 
2ab26cd92000-2ab26d2cf000 r-xp 00000000 00:19 80069394                   /lrz/mnt/sys.x86_64/intel/compilers_and_libraries_2016.1.150/linux/mpi/intel64/lib/release_mt/libmpi.so.12.0
2ab26d2cf000-2ab26d4cf000 ---p 0053d000 00:19 80069394                   /lrz/mnt/sys.x86_64/intel/compilers_and_libraries_2016.1.150/linux/mpi/intel64/lib/release_mt/libmpi.so.12.0
2ab26d4cf000-2ab26d501000 rwxp 0053d000 00:19 80069394                   /lrz/mnt/sys.x86_64/intel/compilers_and_libraries_2016.1.150/linux/mpi/intel64/lib/release_mt/libmpi.so.12.0
2ab26d501000-2ab26d554000 rwxp 00000000 00:00 0 
2ab26d554000-2ab26d556000 r-xp 00000000 00:10 43105                      /lib64/libdl-2.11.3.so
2ab26d556000-2ab26d756000 ---p 00002000 00:10 43105                      /lib64/libdl-2.11.3.so
2ab26d756000-2ab26d757000 r-xp 00002000 00:10 43105                      /lib64/libdl-2.11.3.so
2ab26d757000-2ab26d758000 rwxp 00003000 00:10 43105                      /lib64/libdl-2.11.3.so
2ab26d758000-2ab26d760000 r-xp 00000000 00:10 43062                      /lib64/librt-2.11.3.so
2ab26d760000-2ab26d95f000 ---p 00008000 00:10 43062                      /lib64/librt-2.11.3.so
2ab26d95f000-2ab26d960000 r-xp 00007000 00:10 43062                      /lib64/librt-2.11.3.so
2ab26d960000-2ab26d961000 rwxp 00008000 00:10 43062                      /lib64/librt-2.11.3.so
2ab26d961000-2ab26d962000 rwxp 00000000 00:00 0 
2ab26d962000-2ab26d99b000 r-xp 00000000 00:19 70063875                   /lrz/mnt/sys.x86_64/intel/compiler/composer_xe_2015.5.223/compiler/lib/intel64/liboffload.so.5
2ab26d99b000-2ab26db9a000 ---p 00039000 00:19 70063875                   /lrz/mnt/sys.x86_64/intel/compiler/composer_xe_2015.5.223/compiler/lib/intel64/liboffload.so.5
2ab26db9a000-2ab26db9c000 rwxp 00038000 00:19 70063875                   /lrz/mnt/sys.x86_64/intel/compiler/composer_xe_2015.5.223/compiler/lib/intel64/liboffload.so.5
2ab26db9c000-2ab26db9d000 rwxp 00000000 00:00 0 
2ab26db9d000-2ab26dbd9000 r-xp 00000000 00:19 84953497                   /lrz/mnt/sys.x86_64/intel/compiler/composer_xe_2015.5.223/compiler/lib/intel64/libcilkrts.so.5
2ab26dbd9000-2ab26ddd8000 ---p 0003c000 00:19 84953497                   /lrz/mnt/sys.x86_64/intel/compiler/composer_xe_2015.5.223/compiler/lib/intel64/libcilkrts.so.5
2ab26ddd8000-2ab26ddd9000 r-xp 0003b000 00:19 84953497                   /lrz/mnt/sys.x86_64/intel/compiler/composer_xe_2015.5.223/compiler/lib/intel64/libcilkrts.so.5
2ab26ddd9000-2ab26dddb000 rwxp 0003c000 00:19 84953497                   /lrz/mnt/sys.x86_64/intel/compiler/composer_xe_2015.5.223/compiler/lib/intel64/libcilkrts.so.5
2ab26dddb000-2ab26ddde000 rwxp 00000000 00:00 0 
2ab26ddde000-2ab26dec6000 r-xp 00000000 00:10 43648                      /usr/lib64/libstdc++.so.6.0.17
2ab26dec6000-2ab26e0c5000 ---p 000e8000 00:10 43648                      /usr/lib64/libstdc++.so.6.0.17
2ab26e0c5000-2ab26e0cd000 r-xp 000e7000 00:10 43648                      /usr/lib64/libstdc++.so.6.0.17
2ab26e0cd000-2ab26e0cf000 rwxp 000ef000 00:10 43648                      /usr/lib64/libstdc++.so.6.0.17
2ab26e0cf000-2ab26e0e5000 rwxp 00000000 00:00 0 
2ab26e0e5000-2ab26e0fa000 r-xp 00000000 00:10 25458                      /lib64/libgcc_s.so.1
2ab26e0fa000-2ab26e2f9000 ---p 00015000 00:10 25458                      /lib64/libgcc_s.so.1
2ab26e2f9000-2ab26e2fa000 r-xp 00014000 00:10 25458                      /lib64/libgcc_s.so.1
2ab26e2fa000-2ab26e2fb000 rwxp 00015000 00:10 25458                      /lib64/libgcc_s.so.1
2ab26e2fb000-2ab26e469000 r-xp 00000000 00:10 43081                      /lib64/libc-2.11.3.so
2ab26e469000-2ab26e668000 ---p 0016e000 00:10 43081                      /lib64/libc-2.11.3.so
2ab26e668000-2ab26e66c000 r-xp 0016d000 00:10 43081                      /lib64/libc-2.11.3.so
2ab26e66c000-2ab26e66d000 rwxp 00171000 00:10 43081                      /lib64/libc-2.11.3.so
2ab26e66d000-2ab26e673000 rwxp 00000000 00:00 0 
2ab26e673000-2ab26e8ed000 r-xp 00000000 00:19 84953498                   /lrz/mnt/sys.x86_64/intel/compiler/composer_xe_2015.5.223/compiler/lib/intel64/libimf.so
2ab26e8ed000-2ab26eaec000 ---p 0027a000 00:19 84953498                   /lrz/mnt/sys.x86_64/intel/compiler/composer_xe_2015.5.223/compiler/lib/intel64/libimf.so
2ab26eaec000-2ab26eb2e000 rwxp 00279000 00:19 84953498                   /lrz/mnt/sys.x86_64/intel/compiler/composer_xe_2015.5.223/compiler/lib/intel64/libimf.so
2ab26eb2e000-2ab26f7ca000 r-xp 00000000 00:19 70063879                   /lrz/mnt/sys.x86_64/intel/compiler/composer_xe_2015.5.223/compiler/lib/intel64/libsvml.so
2ab26f7ca000-2ab26f9c9000 ---p 00c9c000 00:19 70063879                   /lrz/mnt/sys.x86_64/intel/compiler/composer_xe_2015.5.223/compiler/lib/intel64/libsvml.so
2ab26f9c9000-2ab26fa01000 rwxp 00c9b000 00:19 70063879                   /lrz/mnt/sys.x86_64/intel/compiler/composer_xe_2015.5.223/compiler/lib/intel64/libsvml.so
2ab26fa01000-2ab26fa06000 r-xp 00000000 00:19 70063872                   /lrz/mnt/sys.x86_64/intel/compiler/composer_xe_2015.5.223/compiler/lib/intel64/libirng.so
2ab26fa06000-2ab26fc06000 ---p 00005000 00:19 70063872                   /lrz/mnt/sys.x86_64/intel/compiler/composer_xe_2015.5.223/compiler/lib/intel64/libirng.so
2ab26fc06000-2ab26fc08000 rwxp 00005000 00:19 70063872                   /lrz/mnt/sys.x86_64/intel/compiler/composer_xe_2015.5.223/compiler/lib/intel64/libirng.so
2ab26fc08000-2ab26fc09000 rwxp 00000000 00:00 0 
2ab26fc09000-2ab26fc65000 r-xp 00000000 00:19 84953500                   /lrz/mnt/sys.x86_64/intel/compiler/composer_xe_2015.5.223/compiler/lib/intel64/libintlc.so.5
2ab26fc65000-2ab26fe64000 ---p 0005c000 00:19 84953500                   /lrz/mnt/sys.x86_64/intel/compiler/composer_xe_2015.5.223/compiler/lib/intel64/libintlc.so.5
2ab26fe64000-2ab26fe66000 rwxp 0005b000 00:19 84953500                   /lrz/mnt/sys.x86_64/intel/compiler/composer_xe_2015.5.223/compiler/lib/intel64/libintlc.so.5
2ab26fe66000-2ab26fe6c000 rwxp 00000000 00:00 0 
2ab26fe6c000-2ab26fede000 r-xp 00000000 00:10 44189                      /usr/lib64/libcoi_host.so.0
2ab26fede000-2ab2700de000 ---p 00072000 00:10 44189                      /usr/lib64/libcoi_host.so.0
2ab2700de000-2ab2700e2000 rwxp 00072000 00:10 44189                      /usr/lib64/libcoi_host.so.0
2ab2700e2000-2ab2700f1000 rwxp 00000000 00:00 0 
2ab2700f1000-2ab2700f3000 r-xp 00000000 00:10 45136                      /usr/lib64/libscif.so.0.0.1
2ab2700f3000-2ab2702f2000 ---p 00002000 00:10 45136                      /usr/lib64/libscif.so.0.0.1
2ab2702f2000-2ab2702f3000 rwxp 00001000 00:10 45136                      /usr/lib64/libscif.so.0.0.1
2ab2702f3000-2ab2702f4000 ---p 00000000 00:00 0 
2ab2702f4000-2ab2704f4000 rwxp 00000000 00:00 0 
2ab2704fe000-2ab27050a000 r-xp 00000000 00:10 25469                      /lib64/libnss_files-2.11.3.so
2ab27050a000-2ab270709000 ---p 0000c000 00:10 25469                      /lib64/libnss_files-2.11.3.so
2ab270709000-2ab27070a000 r-xp 0000b000 00:10 25469                      /lib64/libnss_files-2.11.3.so
2ab27070a000-2ab27070b000 rwxp 0000c000 00:10 25469                      /lib64/libnss_files-2.11.3.so
2ab27070b000-2ab27071f000 r-xp 00000000 00:10 25464                      /lib64/libnss_ldap.so.2
2ab27071f000-2ab27091e000 ---p 00014000 00:10 25464                      /lib64/libnss_ldap.so.2
2ab27091e000-2ab27091f000 r-xp 00013000 00:10 25464                      /lib64/libnss_ldap.so.2
2ab27091f000-2ab270920000 rwxp 00014000 00:10 25464                      /lib64/libnss_ldap.so.2
2ab270920000-2ab27092c000 rwxp 00000000 00:00 0 
2ab27092c000-2ab270972000 r-xp 00000000 00:10 45690                      /usr/lib64/libldap-2.4.so.2.7.1
2ab270972000-2ab270b72000 ---p 00046000 00:10 45690                      /usr/lib64/libldap-2.4.so.2.7.1
2ab270b72000-2ab270b73000 r-xp 00046000 00:10 45690                      /usr/lib64/libldap-2.4.so.2.7.1
2ab270b73000-2ab270b75000 rwxp 00047000 00:10 45690                      /usr/lib64/libldap-2.4.so.2.7.1
2ab270b75000-2ab270b83000 r-xp 00000000 00:10 47458                      /usr/lib64/liblber-2.4.so.2.7.1
2ab270b83000-2ab270d82000 ---p 0000e000 00:10 47458                      /usr/lib64/liblber-2.4.so.2.7.1
2ab270d82000-2ab270d83000 r-xp 0000d000 00:10 47458                      /usr/lib64/liblber-2.4.so.2.7.1
2ab270d83000-2ab270d84000 rwxp 0000e000 00:10 47458                      /usr/lib64/liblber-2.4.so.2.7.1
2ab270d84000-2ab270d9d000 r-xp 00000000 00:10 44281                      /usr/lib64/libsasl2.so.2.0.22
2ab270d9d000-2ab270f9d000 ---p 00019000 00:10 44281                      /usr/lib64/libsasl2.so.2.0.22
2ab270f9d000-2ab270f9e000 r-xp 00019000 00:10 44281                      /usr/lib64/libsasl2.so.2.0.22
2ab270f9e000-2ab270f9f000 rwxp 0001a000 00:10 44281                      /usr/lib64/libsasl2.so.2.0.22
2ab270f9f000-2ab27103d000 r-xp 00000000 00:10 43795                      /usr/lib64/libkrb5.so.3.3
2ab27103d000-2ab27123c000 ---p 0009e000 00:10 43795                      /usr/lib64/libkrb5.so.3.3
2ab27123c000-2ab27123f000 r-xp 0009d000 00:10 43795                      /usr/lib64/libkrb5.so.3.3
2ab27123f000-2ab271241000 rwxp 000a0000 00:10 43795                      /usr/lib64/libkrb5.so.3.3
2ab271241000-2ab271244000 r-xp 00000000 00:10 43129                      /lib64/libcom_err.so.2.1
2ab271244000-2ab271443000 ---p 00003000 00:10 43129                      /lib64/libcom_err.so.2.1
2ab271443000-2ab271444000 r-xp 00002000 00:10 43129                      /lib64/libcom_err.so.2.1
2ab271444000-2ab271445000 rwxp 00003000 00:10 43129                      /lib64/libcom_err.so.2.1
2ab271445000-2ab271470000 r-xp 00000000 00:10 45234                      /usr/lib64/libgssapi_krb5.so.2.2
2ab271470000-2ab271670000 ---p 0002b000 00:10 45234                      /usr/lib64/libgssapi_krb5.so.2.2
2ab271670000-2ab271671000 r-xp 0002b000 00:10 45234                      /usr/lib64/libgssapi_krb5.so.2.2
2ab271671000-2ab271672000 rwxp 0002c000 00:10 45234                      /usr/lib64/libgssapi_krb5.so.2.2
2ab271672000-2ab271687000 r-xp 00000000 00:10 25589                      /lib64/libnsl-2.11.3.so
2ab271687000-2ab271886000 ---p 00015000 00:10 25589                      /lib64/libnsl-2.11.3.so
2ab271886000-2ab271887000 r-xp 00014000 00:10 25589                      /lib64/libnsl-2.11.3.so
2ab271887000-2ab271888000 rwxp 00015000 00:10 25589                      /lib64/libnsl-2.11.3.so
2ab271888000-2ab27188a000 rwxp 00000000 00:00 0 
2ab27188a000-2ab27189d000 r-xp 00000000 00:10 43117                      /lib64/libresolv-2.11.3.so
2ab27189d000-2ab271a9d000 ---p 00013000 00:10 43117                      /lib64/libresolv-2.11.3.so
2ab271a9d000-2ab271a9e000 r-xp 00013000 00:10 43117                      /lib64/libresolv-2.11.3.so
2ab271a9e000-2ab271a9f000 rwxp 00014000 00:10 43117                      /lib64/libresolv-2.11.3.so
2ab271a9f000-2ab271aa1000 rwxp 00000000 00:00 0 
2ab271aa1000-2ab271af0000 r-xp 00000000 00:10 44527                      /usr/lib64/libssl.so.0.9.8
2ab271af0000-2ab271cef000 ---p 0004f000 00:10 44527                      /usr/lib64/libssl.so.0.9.8
2ab271cef000-2ab271cf1000 r-xp 0004e000 00:10 44527                      /usr/lib64/libssl.so.0.9.8
2ab271cf1000-2ab271cf7000 rwxp 00050000 00:10 44527                      /usr/lib64/libssl.so.0.9.8
2ab271cf7000-2ab271e6a000 r-xp 00000000 00:10 45215                      /usr/lib64/libcrypto.so.0.9.8
2ab271e6a000-2ab272069000 ---p 00173000 00:10 45215                      /usr/lib64/libcrypto.so.0.9.8
2ab272069000-2ab272079000 r-xp 00172000 00:10 45215                      /usr/lib64/libcrypto.so.0.9.8
2ab272079000-2ab272092000 rwxp 00182000 00:10 45215                      /usr/lib64/libcrypto.so.0.9.8
2ab272092000-2ab272096000 rwxp 00000000 00:00 0 
2ab272096000-2ab2720ba000 r-xp 00000000 00:10 44528                      /usr/lib64/libk5crypto.so.3.1
2ab2720ba000-2ab2722b9000 ---p 00024000 00:10 44528                      /usr/lib64/libk5crypto.so.3.1
2ab2722b9000-2ab2722bb000 r-xp 00023000 00:10 44528                      /usr/lib64/libk5crypto.so.3.1
2ab2722bb000-2ab2722bc000 rwxp 00025000 00:10 44528                      /usr/lib64/libk5crypto.so.3.1
2ab2722bc000-2ab2722c3000 r-xp 00000000 00:10 43777                      /usr/lib64/libkrb5support.so.0.1
2ab2722c3000-2ab2724c3000 ---p 00007000 00:10 43777                      /usr/lib64/libkrb5support.so.0.1
2ab2724c3000-2ab2724c4000 r-xp 00007000 00:10 43777                      /usr/lib64/libkrb5support.so.0.1
2ab2724c4000-2ab2724c5000 rwxp 00008000 00:10 43777                      /usr/lib64/libkrb5support.so.0.1
2ab2724c5000-2ab2724c7000 r-xp 00000000 00:10 43064                      /lib64/libkeyutils-1.2.so
2ab2724c7000-2ab2726c6000 ---p 00002000 00:10 43064                      /lib64/libkeyutils-1.2.so
2ab2726c6000-2ab2726c7000 r-xp 00001000 00:10 43064                      /lib64/libkeyutils-1.2.so
2ab2726c7000-2ab2726c8000 rwxp 00002000 00:10 43064                      /lib64/libkeyutils-1.2.so
2ab2726c8000-2ab2726dd000 r-xp 00000000 00:10 25478                      /lib64/libz.so.1.2.7
2ab2726dd000-2ab2728dc000 ---p 00015000 00:10 25478                      /lib64/libz.so.1.2.7
2ab2728dc000-2ab2728dd000 r-xp 00014000 00:10 25478                      /lib64/libz.so.1.2.7
2ab2728dd000-2ab2728de000 rwxp 00015000 00:10 25478                      /lib64/libz.so.1.2.7
2ab2728de000-2ab27a0df000 rwxs 00000000 00:12 48097891                   /dev/shm/Intel_MPI_Df5QKI (deleted)
2ab27a0df000-2ab27a0e0000 -w-s 101ffae5000 00:10 31884                   /dev/infiniband/uverbs0
2ab27a0e0000-2ab27a0e1000 -w-s 101ffee5000 00:10 31884                   /dev/infiniband/uverbs0
2ab27a0e1000-2ab27a0e3000 rwxp 00000000 00:00 0 
2ab27a0e9000-2ab27a0f3000 r-xp 00000000 00:10 44476                      /usr/lib64/libdat2.so.2.0.0
2ab27a0f3000-2ab27a2f3000 ---p 0000a000 00:10 44476                      /usr/lib64/libdat2.so.2.0.0
2ab27a2f3000-2ab27a2f4000 r-xp 0000a000 00:10 44476                      /usr/lib64/libdat2.so.2.0.0
2ab27a2f4000-2ab27a2f5000 rwxp 0000b000 00:10 44476                      /usr/lib64/libdat2.so.2.0.0
2ab27a2f5000-2ab27a319000 r-xp 00000000 00:10 43602                      /usr/lib64/libdaploucm.so.2.0.0
2ab27a319000-2ab27a518000 ---p 00024000 00:10 43602                      /usr/lib64/libdaploucm.so.2.0.0
2ab27a518000-2ab27a519000 r-xp 00023000 00:10 43602                      /usr/lib64/libdaploucm.so.2.0.0
2ab27a519000-2ab27a51a000 rwxp 00024000 00:10 43602                      /usr/lib64/libdaploucm.so.2.0.0
2ab27a51a000-2ab27a52d000 r-xp 00000000 00:10 43658                      /usr/lib64/libibverbs.so.1.0.0
2ab27a52d000-2ab27a72d000 ---p 00013000 00:10 43658                      /usr/lib64/libibverbs.so.1.0.0
2ab27a72d000-2ab27a72e000 r-xp 00013000 00:10 43658                      /usr/lib64/libibverbs.so.1.0.0
2ab27a72e000-2ab27a72f000 rwxp 00014000 00:10 43658                      /usr/lib64/libibverbs.so.1.0.0
2ab27a72f000-2ab27a77b000 r-xp 00000000 00:10 25563                      /lib64/libnl.so.1.1
2ab27a77b000-2ab27a97b000 ---p 0004c000 00:10 25563                      /lib64/libnl.so.1.1
2ab27a97b000-2ab27a97c000 r-xp 0004c000 00:10 25563                      /lib64/libnl.so.1.1
2ab27a97c000-2ab27a981000 rwxp 0004d000 00:10 25563                      /lib64/libnl.so.1.1
2ab27a981000-2ab27a984000 r-xp 00000000 00:10 44447                      /usr/lib64/libibscif-rdmav2.so
2ab27a984000-2ab27ab83000 ---p 00003000 00:10 44447                      /usr/lib64/libibscif-rdmav2.so
2ab27ab83000-2ab27ab84000 r-xp 00002000 00:10 44447                      /usr/lib64/libibscif-rdmav2.so
2ab27ab84000-2ab27ab85000 rwxp 00003000 00:10 44447                      /usr/lib64/libibscif-rdmav2.so
2ab27ab85000-2ab27ab93000 r-xp 00000000 00:10 44124                      /usr/lib64/libmlx4-rdmav2.so
2ab27ab93000-2ab27ad93000 ---p 0000e000 00:10 44124                      /usr/lib64/libmlx4-rdmav2.so
2ab27ad93000-2ab27ad94000 r-xp 0000e000 00:10 44124                      /usr/lib64/libmlx4-rdmav2.so
2ab27ad94000-2ab27ad95000 rwxp 0000f000 00:10 44124                      /usr/lib64/libmlx4-rdmav2.so
2ab27ad95000-2ab27ae5d000 rwxp 00000000 00:00 0 
2ab27ae60000-2ab27ae80000 rwxs 01102000 00:10 31884                      /dev/infiniband/uverbs0
2ab27ae80000-2ab27b0dc000 rwxp 00000000 00:00 0 
2ab27b0dc000-2ab27b0dd000 ---p 00000000 00:00 0 
2ab27b0dd000-2ab27b2dd000 rwxp 00000000 00:00 0 
2ab27ba0a000-2ab27ba0b000 ---p 00000000 00:00 0 
2ab27ba0b000-2ab27bc0b000 rwxp 00000000 00:00 0 
2ab27bc0b000-2ab27bc0c000 rwxs 00000000 00:04 48049063                   /dev/zero (deleted)
2ab27bc0c000-2ab27bc15000 rwxs 00000000 00:04 48049064                   /dev/zero (deleted)
2ab27bc15000-2ab27bc16000 ---p 00000000 00:00 0 
2ab27bc16000-2ab27be16000 rwxp 00000000 00:00 0 
2ab27be16000-2ab27be17000 rwxs 00000000 00:04 48049065                   /dev/zero (deleted)
2ab27be17000-2ab27be18000 ---p 00000000 00:00 0 
2ab27be18000-2ab27c018000 rwxp 00000000 00:00 0 
2ab27c745000-2ab27c746000 ---p 00000000 00:00 0 
2ab27c746000-2ab27c946000 rwxp 00000000 00:00 0 
2ab27c946000-2ab27c947000 rwxs 00000000 00:04 48049066                   /dev/zero (deleted)
2ab27c947000-2ab27c950000 rwxs 00000000 00:04 48049067                   /dev/zero (deleted)
2ab27c950000-2ab27c951000 ---p 00000000 00:00 0 
2ab27c951000-2ab27cb51000 rwxp 00000000 00:00 0 
2ab27cb51000-2ab27cb52000 rwxs 00000000 00:04 48049068                   /dev/zero (deleted)
2ab27cb52000-2ab28159b000 rwxp 00000000 00:00 0 
2ab28159b000-2ab285fe3000 rwxp 00000000 00:00 0 
2ab285fe3000-2ab2a74d1000 rwxp 00000000 00:00 0 
2ab2a74d1000-2ab2c89bd000 rwxp 00000000 00:00 0 
2ab2c89bd000-2ab2c89be000 rwxp 00000000 00:00 0 
2ab2cc000000-2ab2cc021000 rwxp 00000000 00:00 0 
2ab2cc021000-2ab2d0000000 ---p 00000000 00:00 0 
7fff30b63000-7fff30b87000 rwxp 00000000 00:00 0                          [stack]
7fff30bff000-7fff30c00000 r-xp 00000000 00:00 0                          [vdso]
ffffffffff600000-ffffffffff601000 r-xp 00000000 00:00 0                  [vsyscall]
