Currently Loaded Modulefiles:
 1) admin/1.0      3) mkl/11.3       5) lrz/default   
 2) tempdir/1.0    4) mpi.intel/5.1  6) intel/15.0    
*** glibc detected *** ../../machines/lrz-ib_phi/lammps-10Mar16/src/lmp_intel_phi_default_vector: malloc(): memory corruption: 0x00002ae258924e10 ***
*** glibc detected *** ../../machines/lrz-ib_phi/lammps-10Mar16/src/lmp_intel_phi_default_vector: malloc(): memory corruption: 0x00002b2bf10e9e10 ***
======= Backtrace: =========
/lib64/libc.so.6(+0x76628)[0x2b2bf0ded628]
/lib64/libc.so.6(+0x795df)[0x2b2bf0df05df]
======= Backtrace: =========
/lib64/libc.so.6(+0x76628)[0x2ae258628628]
/lib64/libc.so.6(__libc_malloc+0x77)[0x2b2bf0df26b7]
/lib64/libc.so.6(+0x795df)[0x2ae25862b5df]
/usr/lib64/libstdc++.so.6(_Znwm+0x1d)[0x2b2bf08be08d]
/usr/lib64/libcoi_host.so.0(+0x214d1)[0x2b2bf29094d1]
/usr/lib64/libcoi_host.so.0(+0x1edb5)[0x2b2bf2906db5]
/usr/lib64/libcoi_host.so.0(+0x1a7a2)[0x2b2bf29027a2]
/usr/lib64/libcoi_host.so.0(COIBufferSetState+0x16b)[0x2b2bf28f978b]
/lrz/sys/intel/compiler/composer_xe_2015.5.223/compiler/lib/intel64/liboffload.so.5(+0x17ea2)[0x2b2bf03f5ea2]
/lib64/libc.so.6(__libc_malloc+0x77)[0x2ae25862d6b7]
/lrz/sys/intel/compiler/composer_xe_2015.5.223/compiler/lib/intel64/liboffload.so.5(+0x11d3a)[0x2b2bf03efd3a]
/lrz/sys/intel/compiler/composer_xe_2015.5.223/compiler/lib/intel64/liboffload.so.5(+0x101c7)[0x2b2bf03ee1c7]
/lrz/sys/intel/compiler/composer_xe_2015.5.223/compiler/lib/intel64/liboffload.so.5(+0xf98c)[0x2b2bf03ed98c]
/lrz/sys/intel/compiler/composer_xe_2015.5.223/compiler/lib/intel64/liboffload.so.5(__offload_offload1+0x52)[0x2b2bf03ff792]
../../machines/lrz-ib_phi/lammps-10Mar16/src/lmp_intel_phi_default_vector[0x76e24c]
../../machines/lrz-ib_phi/lammps-10Mar16/src/lmp_intel_phi_default_vector[0x8ab6d3]
../../machines/lrz-ib_phi/lammps-10Mar16/src/lmp_intel_phi_default_vector[0x822a4c]
../../machines/lrz-ib_phi/lammps-10Mar16/src/lmp_intel_phi_default_vector[0x80a002]
../../machines/lrz-ib_phi/lammps-10Mar16/src/lmp_intel_phi_default_vector[0x1190eef]
../../machines/lrz-ib_phi/lammps-10Mar16/src/lmp_intel_phi_default_vector[0x115164c]
../../machines/lrz-ib_phi/lammps-10Mar16/src/lmp_intel_phi_default_vector[0x76adc9]
../../machines/lrz-ib_phi/lammps-10Mar16/src/lmp_intel_phi_default_vector[0x7635f5]
../../machines/lrz-ib_phi/lammps-10Mar16/src/lmp_intel_phi_default_vector[0x7609a7]
../../machines/lrz-ib_phi/lammps-10Mar16/src/lmp_intel_phi_default_vector[0x7879d1]
/usr/lib64/libstdc++.so.6(_Znwm+0x1d)[0x2ae2580f908d]
/usr/lib64/libcoi_host.so.0(+0x21492)[0x2ae25a144492]
/usr/lib64/libcoi_host.so.0(+0x1edb5)[0x2ae25a141db5]
/usr/lib64/libcoi_host.so.0(+0x1a7a2)[0x2ae25a13d7a2]
/usr/lib64/libcoi_host.so.0(COIBufferSetState+0x16b)[0x2ae25a13478b]
/lrz/sys/intel/compiler/composer_xe_2015.5.223/compiler/lib/intel64/liboffload.so.5(+0x17ea2)[0x2ae257c30ea2]
/lrz/sys/intel/compiler/composer_xe_2015.5.223/compiler/lib/intel64/liboffload.so.5(+0x11d3a)[0x2ae257c2ad3a]
/lrz/sys/intel/compiler/composer_xe_2015.5.223/compiler/lib/intel64/liboffload.so.5(+0x101c7)[0x2ae257c291c7]
/lrz/sys/intel/compiler/composer_xe_2015.5.223/compiler/lib/intel64/liboffload.so.5(+0xf98c)[0x2ae257c2898c]
/lrz/sys/intel/compiler/composer_xe_2015.5.223/compiler/lib/intel64/liboffload.so.5(__offload_offload1+0x52)[0x2ae257c3a792]
../../machines/lrz-ib_phi/lammps-10Mar16/src/lmp_intel_phi_default_vector[0x76e24c]
/lib64/libc.so.6(__libc_start_main+0xe6)[0x2b2bf0d95c36]
../../machines/lrz-ib_phi/lammps-10Mar16/src/lmp_intel_phi_default_vector[0x40a039]
======= Memory map: ========
../../machines/lrz-ib_phi/lammps-10Mar16/src/lmp_intel_phi_default_vector[0x8ab6d3]
../../machines/lrz-ib_phi/lammps-10Mar16/src/lmp_intel_phi_default_vector[0x822a4c]
../../machines/lrz-ib_phi/lammps-10Mar16/src/lmp_intel_phi_default_vector[0x80a002]
../../machines/lrz-ib_phi/lammps-10Mar16/src/lmp_intel_phi_default_vector[0x1190eef]
../../machines/lrz-ib_phi/lammps-10Mar16/src/lmp_intel_phi_default_vector[0x115164c]
../../machines/lrz-ib_phi/lammps-10Mar16/src/lmp_intel_phi_default_vector[0x76adc9]
../../machines/lrz-ib_phi/lammps-10Mar16/src/lmp_intel_phi_default_vector[0x7635f5]
../../machines/lrz-ib_phi/lammps-10Mar16/src/lmp_intel_phi_default_vector[0x7609a7]
../../machines/lrz-ib_phi/lammps-10Mar16/src/lmp_intel_phi_default_vector[0x7879d1]
00400000-01d56000 r-xp 00000000 00:20 298137465                          /home/hpc/pr92ka/di49reb/tersoff-sc16-new/machines/lrz-ib_phi/lammps-10Mar16/src/lmp_intel_phi_default_vector
01f55000-01f57000 r-xp 01955000 00:20 298137465                          /home/hpc/pr92ka/di49reb/tersoff-sc16-new/machines/lrz-ib_phi/lammps-10Mar16/src/lmp_intel_phi_default_vector
01f57000-0201f000 rwxp 01957000 00:20 298137465                          /home/hpc/pr92ka/di49reb/tersoff-sc16-new/machines/lrz-ib_phi/lammps-10Mar16/src/lmp_intel_phi_default_vector
0201f000-020d3000 rwxp 00000000 00:00 0                                  [heap]
020d3000-020d4000 rwxp 00000000 00:00 0                                  [heap]
020d4000-020d5000 rwxp 00000000 00:00 0                                  [heap]
020d5000-020d6000 rwxp 00000000 00:00 0                                  [heap]
020d6000-020d7000 rwxp 00000000 00:00 0                                  [heap]
020d7000-020d8000 rwxp 00000000 00:00 0                                  [h/lib64/libc.so.6(__libc_start_main+0xe6)[0x2ae2585d0c36]
../../machines/lrz-ib_phi/lammps-10Mar16/src/lmp_intel_phi_default_vector[0x40a039]
======= Memory map: ========
eap]
020d8000-020d9000 rwxp 00000000 00:00 0                                  [heap]
020d9000-020da000 rwxp 00000000 00:00 0                                  [heap]
020da000-020db000 rwxp 00000000 00:00 0                                  [heap]
020db000-020dc000 rwxp 00000000 00:00 0                                  [heap]
020dc000-021e0000 rwxp 00000000 00:00 0                                  [heap]
021e0000-021e1000 rwxp 00000000 00:00 0                                  [heap]
021e1000-021e2000 rwxp 00000000 00:00 0                                  [heap]
021e2000-02263000 rwxp 00000000 00:00 0                                  [heap]
02263000-02264000 rwxp 00000000 00:00 0                                  [heap]
02264000-022e5000 rwxp 00000000 00:00 0                                  [heap]
022e5000-02585000 rwxp 00000000 00:00 0                                  [heap]
02585000-02606000 rwxp 00000000 00:00 0                                  [heap]
02606000-02726000 rwxp 00000000 00:00 0                                  [heap]
02726000-02727000 rwxp 00000000 00:00 0                                  [heap]
02727000-03447000 rwxp 00000000 00:00 0                                  [heap]
03447000-03448000 rwxp 00000000 00:00 0                                  [heap]
03448000-03449000 rwxp 00000000 00:00 0                                  [heap]
03449000-0344a000 rwxp 00000000 00:00 0                                  [heap]
0344a000-0344b000 rwxp 00000000 00:00 0                                  [heap]
0344b000-0344c000 rwxp 00000000 00:00 0                                  [heap]
0344c000-0344d000 rwxp 00000000 00:00 0                                  [heap]
0344d000-0344e000 rwxp 00000000 00:00 0                                  [heap]
0344e000-04b6a000 rwxp 00000000 00:00 0                                  [heap]
04b6a000-04e12000 rwxp 00000000 00:00 0                                  [heap]
04e12000-04e13000 rwxp 00000000 00:00 0                                  [heap]
04e13000-04e94000 rwxp 00000000 00:00 0                                  [heap]
04e94000-04e95000 rwxp 00000000 00:00 0                                  [heap]
04e95000-04f36000 rwxp 00000000 00:00 0                                  [heap]
04f36000-04f37000 rwxp 00000000 00:00 0                                  [heap]
04f37000-04fd8000 rwxp 00000000 00:00 0                                  [heap]
04fd8000-04fd9000 rwxp 00000000 00:00 0                                  [heap]
04fd9000-05140000 rwxp 00000000 00:00 0                                  [heap]
05140000-05161000 rwxp 00000000 00:00 0                                  [heap]
2aaaaaab0000-2aaaaaab8000 rwxs 00f02000 00:10 21678                      /dev/infiniband/uverbs0
2aaaaaab8000-2aaaaaac0000 rwxs 00f02000 00:10 21678                      /dev/infiniband/uverbs0
2aaaaaac0000-2aaaaaae2000 rwxs 01202000 00:10 21678                      /dev/infiniband/uverbs0
2b2bead5d000-2b2bead7c000 r-xp 00000000 00:10 43727                      /lib64/ld-2.11.3.so
2b2bead7c000-2b2bead7e000 rwxp 00000000 00:00400000-01d56000 r-xp 00000000 00:20 298137465                          /home/hpc/pr92ka/di49reb/tersoff-sc16-new/machines/lrz-ib_phi/lammps-10Mar16/src/lmp_intel_phi_default_vector
01f55000-01f57000 r-xp 01955000 00:20 298137465                          /home/hpc/pr92ka/di49reb/tersoff-sc16-new/machines/lrz-ib_phi/lammps-10Mar16/src/lmp_intel_phi_default_vector
01f57000-0201f000 rwxp 01957000 00:20 298137465                          /home/hpc/pr92ka/di49reb/tersoff-sc16-new/machines/lrz-ib_phi/lammps-10Mar16/src/lmp_intel_phi_default_vector
0201f000-020d3000 rwxp 00000000 00:00 0                                  [heap]
020d3000-020d4000 rwxp 00000000 00:00 0                                  [heap]
020d4000-020d5000 rwxp 00000000 00:00 0                                  [heap]
020d5000-020d6000 rwxp 00000000 00:00 0                                  [heap]
020d6000-020d7000 rwxp 00000000 00:00 0                                  [heap]
020d7000-020d8000 rwxp 00000000 00:00 0                                  [h00 0 
2b2beaf7b000-2b2beaf7c000 r-xp 0001e000 00:10 43727                      /lib64/ld-2.11.3.so
2b2beaf7c000-2b2beaf7d000 rwxp 0001f000 00:10 43727                      /lib64/ld-2.11.3.so
2b2beaf7d000-2b2beaf7e000 rwxp 00000000 00:00 0 
2b2beaf7e000-2b2beb663000 r-xp 00000000 00:19 99878849                   /lrz/mnt/sys.x86_64/intel/studio_u5/compilers_and_libraries_2016.2.181/linux/mkl/lib/intel64_lin/libmkl_intel_ilp64.so
2b2beb663000-2b2beb863000 ---p 006e5000 00:19 99878849                   /lrz/mnt/sys.x86_64/intel/studio_u5/compilers_and_libraries_2016.2.181/linux/mkl/lib/intel64_lin/libmkl_intel_ilp64.so
2b2beb863000-2b2beb864000 r-xp 006e5000 00:19 99878849                   /lrz/mnt/sys.x86_64/intel/studio_u5/compilers_and_libraries_2016.2.181/linux/mkl/lib/intel64_lin/libmkl_intel_ilp64.so
2b2beb864000-2b2beb874000 rwxp 006e6000 00:19 99878849                   /lrz/mnt/sys.x86_64/intel/studio_u5/compilers_and_libraries_2016.2.181/linux/mkl/lib/intel64_lin/libmkl_intel_ilp64.so
2b2beb874000-2beap]
020d8000-020d9000 rwxp 00000000 00:00 0                                  [heap]
020d9000-020da000 rwxp 00000000 00:00 0                                  [heap]
020da000-020db000 rwxp 00000000 00:00 0                                  [heap]
020db000-020dc000 rwxp 00000000 00:00 0                                  [heap]
020dc000-021e0000 rwxp 00000000 00:00 0                                  [heap]
021e0000-021e1000 rwxp 00000000 00:00 0                                  [heap]
021e1000-021e2000 rwxp 00000000 00:00 0                                  [heap]
021e2000-02263000 rwxp 00000000 00:00 0                                  [heap]
02263000-02264000 rwxp 00000000 00:00 0                                  [heap]
02264000-022e5000 rwxp 00000000 00:00 0                                  [heap]
022e5000-02585000 rwxp 00000000 00:00 0                                  [heap]
02585000-02606000 rwxp 00000000 00:00 0                                  [heap]
02606000-02726000 rwxp 00000000 00:00 0                                  [heap]
02726000-02727000 rwxp 00000000 00:00 0                                  [heap]
02727000-03447000 rwxp 00000000 00:00 0                                  [heap]
03447000-03448000 rwxp 00000000 00:00 0                                  [heap]
03448000-03449000 rwxp 00000000 00:00 0                                  [heap]
03449000-0344a000 rwxp 00000000 00:00 0                                  [heap]
0344a000-0344b000 rwxp 00000000 00:00 0                                  [heap]
0344b000-0344c000 rwxp 00000000 00:00 0                                  [heap]
0344c000-0344d000 rwxp 00000000 00:00 0                                  [heap]
0344d000-0344e000 rwxp 00000000 00:00 0                                  [heap]
0344e000-04b6a000 rwxp 00000000 00:00 0                                  [heap]
04b6a000-04e12000 rwxp 00000000 00:00 0                                  [heap]
04e12000-04e13000 rwxp 00000000 00:00 0                                  [heap]
04e13000-04e94000 rwxp 00000000 00:00 0    2beb879000 rwxp 00000000 00:00 0 
2b2beb879000-2b2becb35000 r-xp 00000000 00:19 99878851                   /lrz/mnt/sys.x86_64/intel/studio_u5/compilers_and_libraries_2016.2.181/linux/mkl/lib/intel64_lin/libmkl_intel_thread.so
2b2becb35000-2b2becd35000 ---p 012bc000 00:19 99878851                   /lrz/mnt/sys.x86_64/intel/studio_u5/compilers_and_libraries_2016.2.181/linux/mkl/lib/intel64_lin/libmkl_intel_thread.so
2b2becd35000-2b2becd36000 r-xp 012bc000 00:19 99878851                   /lrz/mnt/sys.x86_64/intel/studio_u5/compilers_and_libraries_2016.2.181/linux/mkl/lib/intel64_lin/libmkl_intel_thread.so
2b2becd36000-2b2becec8000 rwxp 012bd000 00:19 99878851                   /lrz/mnt/sys.x86_64/intel/studio_u5/compilers_and_libraries_2016.2.181/linux/mkl/lib/intel64_lin/libmkl_intel_thread.so
2b2becec8000-2b2becece000 rwxp 00000000 00:00 0 
2b2becece000-2b2bee5db000 r-xp 00000000 00:19 99878847                   /lrz/mnt/sys.x86_64/intel/studio_u5/compilers_and_libraries_2016.2.181/linux/mkl/lib/intel64_lin/libmkl_core.so
2b2bee5db000-2b2bee7da000 ---p 0170d000 00:19 99878847                   /lrz/mnt/sys.x86_64/intel/studio_u5/compilers_and_libraries_2016.2.181/linux/mkl/lib/intel64_lin/libmkl_core.so
2b2bee7da000-2b2bee7e2000 r-xp 0170c000 00:19 99878847                   /lrz/mnt/sys.x86_64/intel/studio_u5/compilers_and_libraries_2016.2.181/linux/mkl/lib/intel64_lin/libmkl_core.so
2b2bee7e2000-2b2bee803000 rwxp 01714000 00:19 99878847                   /lrz/mnt/sys.x86_64/intel/studio_u5/compilers_and_libraries_2016.2.181/linux/mkl/lib/intel64_lin/libmkl_core.so
2b2bee803000-2b2bee855000 rwxp 00000000 00:00 0 
2b2bee85f000-2b2bee860000 rwxp 00000000 00:00 0 
2b2bee860000-2b2bee882000 r-xp 00000000 00:10 44665                      /usr/lib64/libjpeg.so.62.0.0
2b2bee882000-2b2beea82000 ---p 00022000 00:10 44665                      /usr/lib64/libjpeg.so.62.0.0
2b2beea82000-2b2beea83000 r-xp 00022000 00:10 44665                      /usr/lib64/libjpeg.so.62.0.0
2b2beea83000-2b2beea84000 rwxp 00023000 00:10 446                              [heap]
04e94000-04e95000 rwxp 00000000 00:00 0                                  [heap]
04e95000-04f36000 rwxp 00000000 00:00 0                                  [heap]
04f36000-04f37000 rwxp 00000000 00:00 0                                  [heap]
04f37000-04fd8000 rwxp 00000000 00:00 0                                  [heap]
04fd8000-04fd9000 rwxp 00000000 00:00 0                                  [heap]
04fd9000-05140000 rwxp 00000000 00:00 0                                  [heap]
05140000-05161000 rwxp 00000000 00:00 0                                  [heap]
2aaaaaab0000-2aaaaaab8000 rwxs 00f02000 00:10 21678                      /dev/infiniband/uverbs0
2aaaaaab8000-2aaaaaac0000 rwxs 00f02000 00:10 21678                      /dev/infiniband/uverbs0
2aaaaaac0000-2aaaaaae2000 rwxs 01202000 00:10 21678                      /dev/infiniband/uverbs0
2ae252598000-2ae2525b7000 r-xp 00000000 00:10 43727                      /lib64/ld-2.11.3.so
2ae2525b7000-2ae2525b9000 rwxp 00000000 00:65                      /usr/lib64/libjpeg.so.62.0.0
2b2beea84000-2b2beeb8e000 r-xp 00000000 00:19 84953501                   /lrz/mnt/sys.x86_64/intel/compiler/composer_xe_2015.5.223/compiler/lib/intel64/libiomp5.so
2b2beeb8e000-2b2beed8d000 ---p 0010a000 00:19 84953501                   /lrz/mnt/sys.x86_64/intel/compiler/composer_xe_2015.5.223/compiler/lib/intel64/libiomp5.so
2b2beed8d000-2b2beed8f000 r-xp 00109000 00:19 84953501                   /lrz/mnt/sys.x86_64/intel/compiler/composer_xe_2015.5.223/compiler/lib/intel64/libiomp5.so
2b2beed8f000-2b2beed98000 rwxp 0010b000 00:19 84953501                   /lrz/mnt/sys.x86_64/intel/compiler/composer_xe_2015.5.223/compiler/lib/intel64/libiomp5.so
2b2beed98000-2b2beedc5000 rwxp 00000000 00:00 0 
2b2beedc5000-2b2beeddc000 r-xp 00000000 00:10 43730                      /lib64/libpthread-2.11.3.so
2b2beeddc000-2b2beefdc000 ---p 00017000 00:10 43730                      /lib64/libpthread-2.11.3.so
2b2beefdc000-2b2beefdd000 r-xp 00017000 00:10 43730             00 0 
2ae2527b6000-2ae2527b7000 r-xp 0001e000 00:10 43727                      /lib64/ld-2.11.3.so
2ae2527b7000-2ae2527b8000 rwxp 0001f000 00:10 43727                      /lib64/ld-2.11.3.so
2ae2527b8000-2ae2527b9000 rwxp 00000000 00:00 0 
2ae2527b9000-2ae252e9e000 r-xp 00000000 00:19 99878849                   /lrz/mnt/sys.x86_64/intel/studio_u5/compilers_and_libraries_2016.2.181/linux/mkl/lib/intel64_lin/libmkl_intel_ilp64.so
2ae252e9e000-2ae25309e000 ---p 006e5000 00:19 99878849                   /lrz/mnt/sys.x86_64/intel/studio_u5/compilers_and_libraries_2016.2.181/linux/mkl/lib/intel64_lin/libmkl_intel_ilp64.so
2ae25309e000-2ae25309f000 r-xp 006e5000 00:19 99878849                   /lrz/mnt/sys.x86_64/intel/studio_u5/compilers_and_libraries_2016.2.181/linux/mkl/lib/intel64_lin/libmkl_intel_ilp64.so
2ae25309f000-2ae2530af000 rwxp 006e6000 00:19 99878849                   /lrz/mnt/sys.x86_64/intel/studio_u5/compilers_and_libraries_2016.2.181/linux/mkl/lib/intel64_lin/libmkl_intel_ilp64.so
2ae2530af000-2a         /lib64/libpthread-2.11.3.so
2b2beefdd000-2b2beefde000 rwxp 00018000 00:10 43730                      /lib64/libpthread-2.11.3.so
2b2beefde000-2b2beefe3000 rwxp 00000000 00:00 0 
2b2beefe3000-2b2bef03e000 r-xp 00000000 00:10 43731                      /lib64/libm-2.11.3.so
2b2bef03e000-2b2bef23d000 ---p 0005b000 00:10 43731                      /lib64/libm-2.11.3.so
2b2bef23d000-2b2bef23e000 r-xp 0005a000 00:10 43731                      /lib64/libm-2.11.3.so
2b2bef23e000-2b2bef25c000 rwxp 0005b000 00:10 43731                      /lib64/libm-2.11.3.so
2b2bef25c000-2b2bef27a000 r-xp 00000000 00:19 79474820                   /lrz/mnt/sys.x86_64/intel/compilers_and_libraries_2016.1.150/linux/mpi/intel64/lib/libmpicxx.so.12.0
2b2bef27a000-2b2bef479000 ---p 0001e000 00:19 79474820                   /lrz/mnt/sys.x86_64/intel/compilers_and_libraries_2016.1.150/linux/mpi/intel64/lib/libmpicxx.so.12.0
2b2bef479000-2b2bef47c000 rwxp 0001d000 00:19 79474820                   /lrz/mnt/sys.x86_64/intel/compilers_e2530b4000 rwxp 00000000 00:00 0 
2ae2530b4000-2ae254370000 r-xp 00000000 00:19 99878851                   /lrz/mnt/sys.x86_64/intel/studio_u5/compilers_and_libraries_2016.2.181/linux/mkl/lib/intel64_lin/libmkl_intel_thread.so
2ae254370000-2ae254570000 ---p 012bc000 00:19 99878851                   /lrz/mnt/sys.x86_64/intel/studio_u5/compilers_and_libraries_2016.2.181/linux/mkl/lib/intel64_lin/libmkl_intel_thread.so
2ae254570000-2ae254571000 r-xp 012bc000 00:19 99878851                   /lrz/mnt/sys.x86_64/intel/studio_u5/compilers_and_libraries_2016.2.181/linux/mkl/lib/intel64_lin/libmkl_intel_thread.so
2ae254571000-2ae254703000 rwxp 012bd000 00:19 99878851                   /lrz/mnt/sys.x86_64/intel/studio_u5/compilers_and_libraries_2016.2.181/linux/mkl/lib/intel64_lin/libmkl_intel_thread.so
2ae254703000-2ae254709000 rwxp 00000000 00:00 0 
2ae254709000-2ae255e16000 r-xp 00000000 00:19 99878847                   /lrz/mnt/sys.x86_64/intel/studio_u5/compilers_and_libraries_2016.2.181/linux/mkl/lib/intel64_linand_libraries_2016.1.150/linux/mpi/intel64/lib/libmpicxx.so.12.0
2b2bef47c000-2b2bef5e2000 r-xp 00000000 00:19 79474823                   /lrz/mnt/sys.x86_64/intel/compilers_and_libraries_2016.1.150/linux/mpi/intel64/lib/libmpifort.so.12.0
2b2bef5e2000-2b2bef7e2000 ---p 00166000 00:19 79474823                   /lrz/mnt/sys.x86_64/intel/compilers_and_libraries_2016.1.150/linux/mpi/intel64/lib/libmpifort.so.12.0
2b2bef7e2000-2b2bef7e9000 rwxp 00166000 00:19 79474823                   /lrz/mnt/sys.x86_64/intel/compilers_and_libraries_2016.1.150/linux/mpi/intel64/lib/libmpifort.so.12.0
2b2bef7e9000-2b2bef80e000 rwxp 00000000 00:00 0 
2b2bef80e000-2b2befd4b000 r-xp 00000000 00:19 80069394                   /lrz/mnt/sys.x86_64/intel/compilers_and_libraries_2016.1.150/linux/mpi/intel64/lib/release_mt/libmpi.so.12.0
2b2befd4b000-2b2beff4b000 ---p 0053d000 00:19 80069394                   /lrz/mnt/sys.x86_64/intel/compilers_and_libraries_2016.1.150/linux/mpi/intel64/lib/release_mt/libmpi.so.12.0
2b2beff4b000-2b2beff7/libmkl_core.so
2ae255e16000-2ae256015000 ---p 0170d000 00:19 99878847                   /lrz/mnt/sys.x86_64/intel/studio_u5/compilers_and_libraries_2016.2.181/linux/mkl/lib/intel64_lin/libmkl_core.so
2ae256015000-2ae25601d000 r-xp 0170c000 00:19 99878847                   /lrz/mnt/sys.x86_64/intel/studio_u5/compilers_and_libraries_2016.2.181/linux/mkl/lib/intel64_lin/libmkl_core.so
2ae25601d000-2ae25603e000 rwxp 01714000 00:19 99878847                   /lrz/mnt/sys.x86_64/intel/studio_u5/compilers_and_libraries_2016.2.181/linux/mkl/lib/intel64_lin/libmkl_core.so
2ae25603e000-2ae256090000 rwxp 00000000 00:00 0 
2ae25609a000-2ae25609b000 rwxp 00000000 00:00 0 
2ae25609b000-2ae2560bd000 r-xp 00000000 00:10 44665                      /usr/lib64/libjpeg.so.62.0.0
2ae2560bd000-2ae2562bd000 ---p 00022000 00:10 44665                      /usr/lib64/libjpeg.so.62.0.0
2ae2562bd000-2ae2562be000 r-xp 00022000 00:10 44665                      /usr/lib64/libjpeg.so.62.0.0
2ae2562be000-2ae2562bf000 rwxp 00023000 00:10 44665                      /usr/lib64/libjpeg.so.62.0.0
2ae2562bf000-2ae2563c9000 r-xp 00000000 00:19 84953501                   /lrz/mnt/sys.x86_64/intel/compiler/composer_xe_2015.5.223/compiler/lib/intel64/libiomp5.so
2ae2563c9000-2ae2565c8000 ---p 0010a000 00:19 84953501                   /lrz/mnt/sys.x86_64/intel/compiler/composer_xe_2015.5.223/compiler/lib/intel64/libiomp5.so
2ae2565c8000-2ae2565ca000 r-xp 00109000 00:19 84953501                   /lrz/mnt/sys.x86_64/intel/compiler/composer_xe_2015.5.223/compiler/lib/intel64/libiomp5.so
2ae2565ca000-2ae2565d3000 rwxp 0010b000 00:19 84953501                   /lrz/mnt/sys.x86_64/intel/compiler/composer_xe_2015.5.223/compiler/lib/intel64/libiomp5.so
2ae2565d3000-2ae256600000 rwxp 00000000 00:00 0 
2ae256600000-2ae256617000 r-xp 00000000 00:10 43730                      /lib64/libpthread-2.11.3.so
2ae256617000-2ae256817000 ---p 00017000 00:10 43730                      /lib64/libpthread-2.11.3.so
2ae256817000-2ae256818000 r-xp 00017000 00:10 43730             d000 rwxp 0053d000 00:19 80069394                   /lrz/mnt/sys.x86_64/intel/compilers_and_libraries_2016.1.150/linux/mpi/intel64/lib/release_mt/libmpi.so.12.0
2b2beff7d000-2b2beffd0000 rwxp 00000000 00:00 0 
2b2beffd0000-2b2beffd2000 r-xp 00000000 00:10 43951                      /lib64/libdl-2.11.3.so
2b2beffd2000-2b2bf01d2000 ---p 00002000 00:10 43951                      /lib64/libdl-2.11.3.so
2b2bf01d2000-2b2bf01d3000 r-xp 00002000 00:10 43951                      /lib64/libdl-2.11.3.so
2b2bf01d3000-2b2bf01d4000 rwxp 00003000 00:10 43951                      /lib64/libdl-2.11.3.so
2b2bf01d4000-2b2bf01dc000 r-xp 00000000 00:10 43908                      /lib64/librt-2.11.3.so
2b2bf01dc000-2b2bf03db000 ---p 00008000 00:10 43908                      /lib64/librt-2.11.3.so
2b2bf03db000-2b2bf03dc000 r-xp 00007000 00:10 43908                      /lib64/librt-2.11.3.so
2b2bf03dc000-2b2bf03dd000 rwxp 00008000 00:10 43908                      /lib64/librt-2.11.3.so
2b2bf03dd000-2b2bf03de000 rwxp 00000000 00:00 0 
2b2bf03de000-2b2bf0417000 r-xp 00000000 00:19 70063875                   /lrz/mnt/sys.x86_64/intel/compiler/composer_xe_2015.5.223/compiler/lib/intel64/liboffload.so.5
2b2bf0417000-2b2bf0616000 ---p 00039000 00:19 70063875                   /lrz/mnt/sys.x86_64/intel/compiler/composer_xe_2015.5.223/compiler/lib/intel64/liboffload.so.5
2b2bf0616000-2b2bf0618000 rwxp 00038000 00:19 70063875                   /lrz/mnt/sys.x86_64/intel/compiler/composer_xe_2015.5.223/compiler/lib/intel64/liboffload.so.5
2b2bf0618000-2b2bf0619000 rwxp 00000000 00:00 0 
2b2bf0619000-2b2bf0655000 r-xp 00000000 00:19 84953497                   /lrz/mnt/sys.x86_64/intel/compiler/composer_xe_2015.5.223/compiler/lib/intel64/libcilkrts.so.5
2b2bf0655000-2b2bf0854000 ---p 0003c000 00:19 84953497                   /lrz/mnt/sys.x86_64/intel/compiler/composer_xe_2015.5.223/compiler/lib/intel64/libcilkrts.so.5
2b2bf0854000-2b2bf0855000 r-xp 0003b000 00:19 84953497                   /lrz/mnt/sys.x86_64/intel/compiler/composer_xe_2015.5.223/c         /lib64/libpthread-2.11.3.so
2ae256818000-2ae256819000 rwxp 00018000 00:10 43730                      /lib64/libpthread-2.11.3.so
2ae256819000-2ae25681e000 rwxp 00000000 00:00 0 
2ae25681e000-2ae256879000 r-xp 00000000 00:10 43731                      /lib64/libm-2.11.3.so
2ae256879000-2ae256a78000 ---p 0005b000 00:10 43731                      /lib64/libm-2.11.3.so
2ae256a78000-2ae256a79000 r-xp 0005a000 00:10 43731                      /lib64/libm-2.11.3.so
2ae256a79000-2ae256a97000 rwxp 0005b000 00:10 43731                      /lib64/libm-2.11.3.so
2ae256a97000-2ae256ab5000 r-xp 00000000 00:19 79474820                   /lrz/mnt/sys.x86_64/intel/compilers_and_libraries_2016.1.150/linux/mpi/intel64/lib/libmpicxx.so.12.0
2ae256ab5000-2ae256cb4000 ---p 0001e000 00:19 79474820                   /lrz/mnt/sys.x86_64/intel/compilers_and_libraries_2016.1.150/linux/mpi/intel64/lib/libmpicxx.so.12.0
2ae256cb4000-2ae256cb7000 rwxp 0001d000 00:19 79474820                   /lrz/mnt/sys.x86_64/intel/compilers_and_libraries_2016.1.150/linux/mpi/intel64/lib/libmpicxx.so.12.0
2ae256cb7000-2ae256e1d000 r-xp 00000000 00:19 79474823                   /lrz/mnt/sys.x86_64/intel/compilers_and_libraries_2016.1.150/linux/mpi/intel64/lib/libmpifort.so.12.0
2ae256e1d000-2ae25701d000 ---p 00166000 00:19 79474823                   /lrz/mnt/sys.x86_64/intel/compilers_and_libraries_2016.1.150/linux/mpi/intel64/lib/libmpifort.so.12.0
2ae25701d000-2ae257024000 rwxp 00166000 00:19 79474823                   /lrz/mnt/sys.x86_64/intel/compilers_and_libraries_2016.1.150/linux/mpi/intel64/lib/libmpifort.so.12.0
2ae257024000-2ae257049000 rwxp 00000000 00:00 0 
2ae257049000-2ae257586000 r-xp 00000000 00:19 80069394                   /lrz/mnt/sys.x86_64/intel/compilers_and_libraries_2016.1.150/linux/mpi/intel64/lib/release_mt/libmpi.so.12.0
2ae257586000-2ae257786000 ---p 0053d000 00:19 80069394                   /lrz/mnt/sys.x86_64/intel/compilers_and_libraries_2016.1.150/linux/mpi/intel64/lib/release_mt/libmpi.so.12.0
2ae257786000-2ae2577bompiler/lib/intel64/libcilkrts.so.5
2b2bf0855000-2b2bf0857000 rwxp 0003c000 00:19 84953497                   /lrz/mnt/sys.x86_64/intel/compiler/composer_xe_2015.5.223/compiler/lib/intel64/libcilkrts.so.5
2b2bf0857000-2b2bf085a000 rwxp 00000000 00:00 0 
2b2bf085a000-2b2bf0942000 r-xp 00000000 00:10 44494                      /usr/lib64/libstdc++.so.6.0.17
2b2bf0942000-2b2bf0b41000 ---p 000e8000 00:10 44494                      /usr/lib64/libstdc++.so.6.0.17
2b2bf0b41000-2b2bf0b49000 r-xp 000e7000 00:10 44494                      /usr/lib64/libstdc++.so.6.0.17
2b2bf0b49000-2b2bf0b4b000 rwxp 000ef000 00:10 44494                      /usr/lib64/libstdc++.so.6.0.17
2b2bf0b4b000-2b2bf0b61000 rwxp 00000000 00:00 0 
2b2bf0b61000-2b2bf0b76000 r-xp 00000000 00:10 43712                      /lib64/libgcc_s.so.1
2b2bf0b76000-2b2bf0d75000 ---p 00015000 00:10 43712                      /lib64/libgcc_s.so.1
2b2bf0d75000-2b2bf0d76000 r-xp 00014000 00:10 43712                      /lib64/libgcc_s.so.1
2b2bf0d76000-2b2bf0d77000 rwxp 00015000 00:10 43712                      /lib64/libgcc_s.so.1
2b2bf0d77000-2b2bf0ee5000 r-xp 00000000 00:10 43927                      /lib64/libc-2.11.3.so
2b2bf0ee5000-2b2bf10e4000 ---p 0016e000 00:10 43927                      /lib64/libc-2.11.3.so
2b2bf10e4000-2b2bf10e8000 r-xp 0016d000 00:10 43927                      /lib64/libc-2.11.3.so
2b2bf10e8000-2b2bf10e9000 rwxp 00171000 00:10 43927                      /lib64/libc-2.11.3.so
2b2bf10e9000-2b2bf10ef000 rwxp 00000000 00:00 0 
2b2bf10ef000-2b2bf1369000 r-xp 00000000 00:19 84953498                   /lrz/mnt/sys.x86_64/intel/compiler/composer_xe_2015.5.223/compiler/lib/intel64/libimf.so
2b2bf1369000-2b2bf1568000 ---p 0027a000 00:19 84953498                   /lrz/mnt/sys.x86_64/intel/compiler/composer_xe_2015.5.223/compiler/lib/intel64/libimf.so
2b2bf1568000-2b2bf15aa000 rwxp 00279000 00:19 84953498                   /lrz/mnt/sys.x86_64/intel/compiler/composer_xe_2015.5.223/compiler/lib/intel64/libimf.so
2b2bf15aa000-2b2bf2246000 r-xp 000000008000 rwxp 0053d000 00:19 80069394                   /lrz/mnt/sys.x86_64/intel/compilers_and_libraries_2016.1.150/linux/mpi/intel64/lib/release_mt/libmpi.so.12.0
2ae2577b8000-2ae25780b000 rwxp 00000000 00:00 0 
2ae25780b000-2ae25780d000 r-xp 00000000 00:10 43951                      /lib64/libdl-2.11.3.so
2ae25780d000-2ae257a0d000 ---p 00002000 00:10 43951                      /lib64/libdl-2.11.3.so
2ae257a0d000-2ae257a0e000 r-xp 00002000 00:10 43951                      /lib64/libdl-2.11.3.so
2ae257a0e000-2ae257a0f000 rwxp 00003000 00:10 43951                      /lib64/libdl-2.11.3.so
2ae257a0f000-2ae257a17000 r-xp 00000000 00:10 43908                      /lib64/librt-2.11.3.so
2ae257a17000-2ae257c16000 ---p 00008000 00:10 43908                      /lib64/librt-2.11.3.so
2ae257c16000-2ae257c17000 r-xp 00007000 00:10 43908                      /lib64/librt-2.11.3.so
2ae257c17000-2ae257c18000 rwxp 00008000 00:10 43908                      /lib64/librt-2.11.3.so
2ae257c18000-2ae257c19000 rwxp 00000000 00:00  00:19 70063879                   /lrz/mnt/sys.x86_64/intel/compiler/composer_xe_2015.5.223/compiler/lib/intel64/libsvml.so
2b2bf2246000-2b2bf2445000 ---p 00c9c000 00:19 70063879                   /lrz/mnt/sys.x86_64/intel/compiler/composer_xe_2015.5.223/compiler/lib/intel64/libsvml.so
2b2bf2445000-2b2bf247d000 rwxp 00c9b000 00:19 70063879                   /lrz/mnt/sys.x86_64/intel/compiler/composer_xe_2015.5.223/compiler/lib/intel64/libsvml.so
2b2bf247d000-2b2bf2482000 r-xp 00000000 00:19 70063872                   /lrz/mnt/sys.x86_64/intel/compiler/composer_xe_2015.5.223/compiler/lib/intel64/libirng.so
2b2bf2482000-2b2bf2682000 ---p 00005000 00:19 70063872                   /lrz/mnt/sys.x86_64/intel/compiler/composer_xe_2015.5.223/compiler/lib/intel64/libirng.so
2b2bf2682000-2b2bf2684000 rwxp 00005000 00:19 70063872                   /lrz/mnt/sys.x86_64/intel/compiler/composer_xe_2015.5.223/compiler/lib/intel64/libirng.so
2b2bf2684000-2b2bf2685000 rwxp 00000000 00:00 0 
2b2bf2685000-2b2bf26e1000 r-xp 000000 
2ae257c19000-2ae257c52000 r-xp 00000000 00:19 70063875                   /lrz/mnt/sys.x86_64/intel/compiler/composer_xe_2015.5.223/compiler/lib/intel64/liboffload.so.5
2ae257c52000-2ae257e51000 ---p 00039000 00:19 70063875                   /lrz/mnt/sys.x86_64/intel/compiler/composer_xe_2015.5.223/compiler/lib/intel64/liboffload.so.5
2ae257e51000-2ae257e53000 rwxp 00038000 00:19 70063875                   /lrz/mnt/sys.x86_64/intel/compiler/composer_xe_2015.5.223/compiler/lib/intel64/liboffload.so.5
2ae257e53000-2ae257e54000 rwxp 00000000 00:00 0 
2ae257e54000-2ae257e90000 r-xp 00000000 00:19 84953497                   /lrz/mnt/sys.x86_64/intel/compiler/composer_xe_2015.5.223/compiler/lib/intel64/libcilkrts.so.5
2ae257e90000-2ae25808f000 ---p 0003c000 00:19 84953497                   /lrz/mnt/sys.x86_64/intel/compiler/composer_xe_2015.5.223/compiler/lib/intel64/libcilkrts.so.5
2ae25808f000-2ae258090000 r-xp 0003b000 00:19 84953497                   /lrz/mnt/sys.x86_64/intel/compiler/composer_xe_2015.5.223/c000 00:19 84953500                   /lrz/mnt/sys.x86_64/intel/compiler/composer_xe_2015.5.223/compiler/lib/intel64/libintlc.so.5
2b2bf26e1000-2b2bf28e0000 ---p 0005c000 00:19 84953500                   /lrz/mnt/sys.x86_64/intel/compiler/composer_xe_2015.5.223/compiler/lib/intel64/libintlc.so.5
2b2bf28e0000-2b2bf28e2000 rwxp 0005b000 00:19 84953500                   /lrz/mnt/sys.x86_64/intel/compiler/composer_xe_2015.5.223/compiler/lib/intel64/libintlc.so.5
2b2bf28e2000-2b2bf28e8000 rwxp 00000000 00:00 0 
2b2bf28e8000-2b2bf295a000 r-xp 00000000 00:10 45035                      /usr/lib64/libcoi_host.so.0
2b2bf295a000-2b2bf2b5a000 ---p 00072000 00:10 45035                      /usr/lib64/libcoi_host.so.0
2b2bf2b5a000-2b2bf2b5e000 rwxp 00072000 00:10 45035                      /usr/lib64/libcoi_host.so.0
2b2bf2b5e000-2b2bf2b6d000 rwxp 00000000 00:00 0 
2b2bf2b6d000-2b2bf2b6f000 r-xp 00000000 00:10 45982                      /usr/lib64/libscif.so.0.0.1
2b2bf2b6f000-2b2bf2d6e000 ---p 00002000 00:10 45982         ompiler/lib/intel64/libcilkrts.so.5
2ae258090000-2ae258092000 rwxp 0003c000 00:19 84953497                   /lrz/mnt/sys.x86_64/intel/compiler/composer_xe_2015.5.223/compiler/lib/intel64/libcilkrts.so.5
2ae258092000-2ae258095000 rwxp 00000000 00:00 0 
2ae258095000-2ae25817d000 r-xp 00000000 00:10 44494                      /usr/lib64/libstdc++.so.6.0.17
2ae25817d000-2ae25837c000 ---p 000e8000 00:10 44494                      /usr/lib64/libstdc++.so.6.0.17
2ae25837c000-2ae258384000 r-xp 000e7000 00:10 44494                      /usr/lib64/libstdc++.so.6.0.17
2ae258384000-2ae258386000 rwxp 000ef000 00:10 44494                      /usr/lib64/libstdc++.so.6.0.17
2ae258386000-2ae25839c000 rwxp 00000000 00:00 0 
2ae25839c000-2ae2583b1000 r-xp 00000000 00:10 43712                      /lib64/libgcc_s.so.1
2ae2583b1000-2ae2585b0000 ---p 00015000 00:10 43712                      /lib64/libgcc_s.so.1
2ae2585b0000-2ae2585b1000 r-xp 00014000 00:10 43712                      /lib64/libgcc_s.so.1
2ae2585b1000-2ae2585b200             /usr/lib64/libscif.so.0.0.1
2b2bf2d6e000-2b2bf2d6f000 rwxp 00001000 00:10 45982                      /usr/lib64/libscif.so.0.0.1
2b2bf2d6f000-2b2bf2d70000 ---p 00000000 00:00 0 
2b2bf2d70000-2b2bf2f70000 rwxp 00000000 00:00 0 
2b2bf2f7a000-2b2bf2f86000 r-xp 00000000 00:10 43723                      /lib64/libnss_files-2.11.3.so
2b2bf2f86000-2b2bf3185000 ---p 0000c000 00:10 43723                      /lib64/libnss_files-2.11.3.so
2b2bf3185000-2b2bf3186000 r-xp 0000b000 00:10 43723                      /lib64/libnss_files-2.11.3.so
2b2bf3186000-2b2bf3187000 rwxp 0000c000 00:10 43723                      /lib64/libnss_files-2.11.3.so
2b2bf3187000-2b2bf319b000 r-xp 00000000 00:10 43718                      /lib64/libnss_ldap.so.2
2b2bf319b000-2b2bf339a000 ---p 00014000 00:10 43718                      /lib64/libnss_ldap.so.2
2b2bf339a000-2b2bf339b000 r-xp 00013000 00:10 43718                      /lib64/libnss_ldap.so.2
2b2bf339b000-2b2bf339c000 rwxp 00014000 00:10 43718                      /lib64/l0 rwxp 00015000 00:10 43712                      /lib64/libgcc_s.so.1
2ae2585b2000-2ae258720000 r-xp 00000000 00:10 43927                      /lib64/libc-2.11.3.so
2ae258720000-2ae25891f000 ---p 0016e000 00:10 43927                      /lib64/libc-2.11.3.so
2ae25891f000-2ae258923000 r-xp 0016d000 00:10 43927                      /lib64/libc-2.11.3.so
2ae258923000-2ae258924000 rwxp 00171000 00:10 43927                      /lib64/libc-2.11.3.so
2ae258924000-2ae25892a000 rwxp 00000000 00:00 0 
2ae25892a000-2ae258ba4000 r-xp 00000000 00:19 84953498                   /lrz/mnt/sys.x86_64/intel/compiler/composer_xe_2015.5.223/compiler/lib/intel64/libimf.so
2ae258ba4000-2ae258da3000 ---p 0027a000 00:19 84953498                   /lrz/mnt/sys.x86_64/intel/compiler/composer_xe_2015.5.223/compiler/lib/intel64/libimf.so
2ae258da3000-2ae258de5000 rwxp 00279000 00:19 84953498                   /lrz/mnt/sys.x86_64/intel/compiler/composer_xe_2015.5.223/compiler/lib/intel64/libimf.so
2ae258de5000-2ae259a81000 r-xp 00000000ibnss_ldap.so.2
2b2bf339c000-2b2bf33a8000 rwxp 00000000 00:00 0 
2b2bf33a8000-2b2bf33ee000 r-xp 00000000 00:10 46536                      /usr/lib64/libldap-2.4.so.2.7.1
2b2bf33ee000-2b2bf35ee000 ---p 00046000 00:10 46536                      /usr/lib64/libldap-2.4.so.2.7.1
2b2bf35ee000-2b2bf35ef000 r-xp 00046000 00:10 46536                      /usr/lib64/libldap-2.4.so.2.7.1
2b2bf35ef000-2b2bf35f1000 rwxp 00047000 00:10 46536                      /usr/lib64/libldap-2.4.so.2.7.1
2b2bf35f1000-2b2bf35ff000 r-xp 00000000 00:10 48304                      /usr/lib64/liblber-2.4.so.2.7.1
2b2bf35ff000-2b2bf37fe000 ---p 0000e000 00:10 48304                      /usr/lib64/liblber-2.4.so.2.7.1
2b2bf37fe000-2b2bf37ff000 r-xp 0000d000 00:10 48304                      /usr/lib64/liblber-2.4.so.2.7.1
2b2bf37ff000-2b2bf3800000 rwxp 0000e000 00:10 48304                      /usr/lib64/liblber-2.4.so.2.7.1
2b2bf3800000-2b2bf3819000 r-xp 00000000 00:10 45127                      /usr/lib64/libsasl2.so.2.0.22
2b2bf3819000-2b2 00:19 70063879                   /lrz/mnt/sys.x86_64/intel/compiler/composer_xe_2015.5.223/compiler/lib/intel64/libsvml.so
2ae259a81000-2ae259c80000 ---p 00c9c000 00:19 70063879                   /lrz/mnt/sys.x86_64/intel/compiler/composer_xe_2015.5.223/compiler/lib/intel64/libsvml.so
2ae259c80000-2ae259cb8000 rwxp 00c9b000 00:19 70063879                   /lrz/mnt/sys.x86_64/intel/compiler/composer_xe_2015.5.223/compiler/lib/intel64/libsvml.so
2ae259cb8000-2ae259cbd000 r-xp 00000000 00:19 70063872                   /lrz/mnt/sys.x86_64/intel/compiler/composer_xe_2015.5.223/compiler/lib/intel64/libirng.so
2ae259cbd000-2ae259ebd000 ---p 00005000 00:19 70063872                   /lrz/mnt/sys.x86_64/intel/compiler/composer_xe_2015.5.223/compiler/lib/intel64/libirng.so
2ae259ebd000-2ae259ebf000 rwxp 00005000 00:19 70063872                   /lrz/mnt/sys.x86_64/intel/compiler/composer_xe_2015.5.223/compiler/lib/intel64/libirng.so
2ae259ebf000-2ae259ec0000 rwxp 00000000 00:00 0 
2ae259ec0000-2ae259f1c000 r-xp 00000000 00:19 84953500                   /lrz/mnt/sys.x86_64/intel/compiler/composer_xe_2015.5.223/compiler/lib/intel64/libintlc.so.5
2ae259f1c000-2ae25a11b000 ---p 0005c000 00:19 84953500                   /lrz/mnt/sys.x86_64/intel/compiler/composer_xe_2015.5.223/compiler/lib/intel64/libintlc.so.5
2ae25a11b000-2ae25a11d000 rwxp 0005b000 00:19 84953500                   /lrz/mnt/sys.x86_64/intel/compiler/composer_xe_2015.5.223/compiler/lib/intel64/libintlc.so.5
2ae25a11d000-2ae25a123000 rwxp 00000000 00:00 0 
2ae25a123000-2ae25a195000 r-xp 00000000 00:10 45035                      /usr/lib64/libcoi_host.so.0
2ae25a195000-2ae25a395000 ---p 00072000 00:10 45035                      /usr/lib64/libcoi_host.so.0
2ae25a395000-2ae25a399000 rwxp 00072000 00:10 45035                      /usr/lib64/libcoi_host.so.0
2ae25a399000-2ae25a3a8000 rwxp 00000000 00:00 0 
2ae25a3a8000-2ae25a3aa000 r-xp 00000000 00:10 45982                      /usr/lib64/libscif.so.0.0.1
2ae25a3aa000-2ae25a5a9000 ---p 00002000 00:10 45982         bf3a19000 ---p 00019000 00:10 45127                      /usr/lib64/libsasl2.so.2.0.22
2b2bf3a19000-2b2bf3a1a000 r-xp 00019000 00:10 45127                      /usr/lib64/libsasl2.so.2.0.22
2b2bf3a1a000-2b2bf3a1b000 rwxp 0001a000 00:10 45127                      /usr/lib64/libsasl2.so.2.0.22
2b2bf3a1b000-2b2bf3ab9000 r-xp 00000000 00:10 44641                      /usr/lib64/libkrb5.so.3.3
2b2bf3ab9000-2b2bf3cb8000 ---p 0009e000 00:10 44641                      /usr/lib64/libkrb5.so.3.3
2b2bf3cb8000-2b2bf3cbb000 r-xp 0009d000 00:10 44641                      /usr/lib64/libkrb5.so.3.3
2b2bf3cbb000-2b2bf3cbd000 rwxp 000a0000 00:10 44641                      /usr/lib64/libkrb5.so.3.3
2b2bf3cbd000-2b2bf3cc0000 r-xp 00000000 00:10 43975                      /lib64/libcom_err.so.2.1
2b2bf3cc0000-2b2bf3ebf000 ---p 00003000 00:10 43975                      /lib64/libcom_err.so.2.1
2b2bf3ebf000-2b2bf3ec0000 r-xp 00002000 00:10 43975                      /lib64/libcom_err.so.2.1
2b2bf3ec0000-2b2bf3ec1000 rwxp 00003000 00:10 43975                      /lib64/libcom_err.so.2.1
2b2bf3ec1000-2b2bf3eec000 r-xp 00000000 00:10 46080                      /usr/lib64/libgssapi_krb5.so.2.2
2b2bf3eec000-2b2bf40ec000 ---p 0002b000 00:10 46080                      /usr/lib64/libgssapi_krb5.so.2.2
2b2bf40ec000-2b2bf40ed000 r-xp 0002b000 00:10 46080                      /usr/lib64/libgssapi_krb5.so.2.2
2b2bf40ed000-2b2bf40ee000 rwxp 0002c000 00:10 46080                      /usr/lib64/libgssapi_krb5.so.2.2
2b2bf40ee000-2b2bf4103000 r-xp 00000000 00:10 43843                      /lib64/libnsl-2.11.3.so
2b2bf4103000-2b2bf4302000 ---p 00015000 00:10 43843                      /lib64/libnsl-2.11.3.so
2b2bf4302000-2b2bf4303000 r-xp 00014000 00:10 43843                      /lib64/libnsl-2.11.3.so
2b2bf4303000-2b2bf4304000 rwxp 00015000 00:10 43843                      /lib64/libnsl-2.11.3.so
2b2bf4304000-2b2bf4306000 rwxp 00000000 00:00 0 
2b2bf4306000-2b2bf4319000 r-xp 00000000 00:10 43963                      /lib64/libresolv-2.11.3.so
2b2bf4319000-2b2bf4519000 ---p 00013000 00:10 43963                      /lib64/libresolv-2.11.3.so
2b2bf4519000-2b2bf451a000 r-xp 00013000 00:10 43963                      /lib64/libresolv-2.11.3.so
2b2bf451a000-2b2bf451b000 rwxp 00014000 00:10 43963                      /lib64/libresolv-2.11.3.so
2b2bf451b000-2b2bf451d000 rwxp 00000000 00:00 0 
2b2bf451d000-2b2bf456c000 r-xp 00000000 00:10 45373                      /usr/lib64/libssl.so.0.9.8
2b2bf456c000-2b2bf476b000 ---p 0004f000 00:10 45373                      /usr/lib64/libssl.so.0.9.8
2b2bf476b000-2b2bf476d000 r-xp 0004e000 00:10 45373                      /usr/lib64/libssl.so.0.9.8
2b2bf476d000-2b2bf4773000 rwxp 00050000 00:10 45373                      /usr/lib64/libssl.so.0.9.8
2b2bf4773000-2b2bf48e6000 r-xp 00000000 00:10 46061                      /usr/lib64/libcrypto.so.0.9.8
2b2bf48e6000-2b2bf4ae5000 ---p 00173000 00:10 46061                      /usr/lib64/libcrypto.so.0.9.8
2b2bf4ae5000-2b2bf4af5000 r-xp 00172000 00:10 46061                      /usr/lib64/libcrypto.so.0.9.8
2b2bf4af5000-2b2bf4b0e000 rwxp 00182000 00:10 46061                      /usr/lib64/libcrypto.so.0.9.8
2b2bf4b0e000-2b2bf4b12000 rwxp 00000000 00:00 0 
2b2bf4b12000-2b2bf4b36000 r-xp 00000000 00:10 45374                      /usr/lib64/libk5crypto.so.3.1
2b2bf4b36000-2b2bf4d35000 ---p 00024000 00:10 45374                      /usr/lib64/libk5crypto.so.3.1
2b2bf4d35000-2b2bf4d37000 r-xp 00023000 00:10 45374                      /usr/lib64/libk5crypto.so.3.1
2b2bf4d37000-2b2bf4d38000 rwxp 00025000 00:10 45374                      /usr/lib64/libk5crypto.so.3.1
2b2bf4d38000-2b2bf4d3f000 r-xp 00000000 00:10 44623                      /usr/lib64/libkrb5support.so.0.1
2b2bf4d3f000-2b2bf4f3f000 ---p 00007000 00:10 44623                      /usr/lib64/libkrb5support.so.0.1
2b2bf4f3f000-2b2bf4f40000 r-xp 00007000 00:10 44623                      /usr/lib64/libkrb5support.so.0.1
2b2bf4f40000-2b2bf4f41000 rwxp 00008000 00:10 44623                      /usr/lib64/libkrb5support.so.0.1
2b2bf4f41000-2b2bf4f43000 r-xp 00000000 00:10 43910                      /lib64/libkeyutils-1.2.so
2b2bf4f43000-2b2bf5142000 ---p 00002000 00:10 43910                      /lib64/libkeyutils-1.2.so
2b2bf5142000-2b2bf5143000 r-xp 00001000 00:10 43910                      /lib64/libkeyutils-1.2.so
2b2bf5143000-2b2bf5144000 rwxp 00002000 00:10 43910                      /lib64/libkeyutils-1.2.so
2b2bf5144000-2b2bf5159000 r-xp 00000000 00:10 43732                      /lib64/libz.so.1.2.7
2b2bf5159000-2b2bf5358000 ---p 00015000 00:10 43732                      /lib64/libz.so.1.2.7
2b2bf5358000-2b2bf5359000 r-xp 00014000 00:10 43732                      /lib64/libz.so.1.2.7
2b2bf5359000-2b2bf535a000 rwxp 00015000 00:10 43732                      /lib64/libz.so.1.2.7
2b2bf535a000-2b2bfcb5b000 rwxs 00000000 00:12 47370636                   /dev/shm/Intel_MPI_DJh2g1 (deleted)
2b2bfcb5b000-2b2bfcb5c000 -w-s 101ff987000 00:10 21678                   /dev/infiniband/uverbs0
2b2bfcb5c000-2b2bfcb5d000 -w-s 101ffd87000 00:10 21678             /usr/lib64/libscif.so.0.0.1
2ae25a5a9000-2ae25a5aa000 rwxp 00001000 00:10 45982                      /usr/lib64/libscif.so.0.0.1
2ae25a5aa000-2ae25a5ab000 ---p 00000000 00:00 0 
2ae25a5ab000-2ae25a7ab000 rwxp 00000000 00:00 0 
2ae25a7b5000-2ae25a7c1000 r-xp 00000000 00:10 43723                      /lib64/libnss_files-2.11.3.so
2ae25a7c1000-2ae25a9c0000 ---p 0000c000 00:10 43723                      /lib64/libnss_files-2.11.3.so
2ae25a9c0000-2ae25a9c1000 r-xp 0000b000 00:10 43723                      /lib64/libnss_files-2.11.3.so
2ae25a9c1000-2ae25a9c2000 rwxp 0000c000 00:10 43723                      /lib64/libnss_files-2.11.3.so
2ae25a9c2000-2ae25a9d6000 r-xp 00000000 00:10 43718                      /lib64/libnss_ldap.so.2
2ae25a9d6000-2ae25abd5000 ---p 00014000 00:10 43718                      /lib64/libnss_ldap.so.2
2ae25abd5000-2ae25abd6000 r-xp 00013000 00:10 43718                      /lib64/libnss_ldap.so.2
2ae25abd6000-2ae25abd7000 rwxp 00014000 00:10 43718                      /lib64/l                   /dev/infiniband/uverbs0
2b2bfcb5d000-2b2bfcb5f000 rwxp 00000000 00:00 0 
2b2bfcb65000-2b2bfcb6f000 r-xp 00000000 00:10 45322                      /usr/lib64/libdat2.so.2.0.0
2b2bfcb6f000-2b2bfcd6f000 ---p 0000a000 00:10 45322                      /usr/lib64/libdat2.so.2.0.0
2b2bfcd6f000-2b2bfcd70000 r-xp 0000a000 00:10 45322                      /usr/lib64/libdat2.so.2.0.0
2b2bfcd70000-2b2bfcd71000 rwxp 0000b000 00:10 45322                      /usr/lib64/libdat2.so.2.0.0
2b2bfcd71000-2b2bfcd95000 r-xp 00000000 00:10 44448                      /usr/lib64/libdaploucm.so.2.0.0
2b2bfcd95000-2b2bfcf94000 ---p 00024000 00:10 44448                      /usr/lib64/libdaploucm.so.2.0.0
2b2bfcf94000-2b2bfcf95000 r-xp 00023000 00:10 44448                      /usr/lib64/libdaploucm.so.2.0.0
2b2bfcf95000-2b2bfcf96000 rwxp 00024000 00:10 44448                      /usr/lib64/libdaploucm.so.2.0.0
2b2bfcf96000-2b2bfcfa9000 r-xp 00000000 00:10 44504                      /usr/lib64/libibverbs.so.1.0.0
2b2bibnss_ldap.so.2
2ae25abd7000-2ae25abe3000 rwxp 00000000 00:00 0 
2ae25abe3000-2ae25ac29000 r-xp 00000000 00:10 46536                      /usr/lib64/libldap-2.4.so.2.7.1
2ae25ac29000-2ae25ae29000 ---p 00046000 00:10 46536                      /usr/lib64/libldap-2.4.so.2.7.1
2ae25ae29000-2ae25ae2a000 r-xp 00046000 00:10 46536                      /usr/lib64/libldap-2.4.so.2.7.1
2ae25ae2a000-2ae25ae2c000 rwxp 00047000 00:10 46536                      /usr/lib64/libldap-2.4.so.2.7.1
2ae25ae2c000-2ae25ae3a000 r-xp 00000000 00:10 48304                      /usr/lib64/liblber-2.4.so.2.7.1
2ae25ae3a000-2ae25b039000 ---p 0000e000 00:10 48304                      /usr/lib64/liblber-2.4.so.2.7.1
2ae25b039000-2ae25b03a000 r-xp 0000d000 00:10 48304                      /usr/lib64/liblber-2.4.so.2.7.1
2ae25b03a000-2ae25b03b000 rwxp 0000e000 00:10 48304                      /usr/lib64/liblber-2.4.so.2.7.1
2ae25b03b000-2ae25b054000 r-xp 00000000 00:10 45127                      /usr/lib64/libsasl2.so.2.0.22
2ae25b054000-2aefcfa9000-2b2bfd1a9000 ---p 00013000 00:10 44504                      /usr/lib64/libibverbs.so.1.0.0
2b2bfd1a9000-2b2bfd1aa000 r-xp 00013000 00:10 44504                      /usr/lib64/libibverbs.so.1.0.0
2b2bfd1aa000-2b2bfd1ab000 rwxp 00014000 00:10 44504                      /usr/lib64/libibverbs.so.1.0.0
2b2bfd1ab000-2b2bfd1f7000 r-xp 00000000 00:10 43817                      /lib64/libnl.so.1.1
2b2bfd1f7000-2b2bfd3f7000 ---p 0004c000 00:10 43817                      /lib64/libnl.so.1.1
2b2bfd3f7000-2b2bfd3f8000 r-xp 0004c000 00:10 43817                      /lib64/libnl.so.1.1
2b2bfd3f8000-2b2bfd3fd000 rwxp 0004d000 00:10 43817                      /lib64/libnl.so.1.1
2b2bfd3fd000-2b2bfd400000 r-xp 00000000 00:10 45293                      /usr/lib64/libibscif-rdmav2.so
2b2bfd400000-2b2bfd5ff000 ---p 00003000 00:10 45293                      /usr/lib64/libibscif-rdmav2.so
2b2bfd5ff000-2b2bfd600000 r-xp 00002000 00:10 45293                      /usr/lib64/libibscif-rdmav2.so
2b2bfd600000-2b2bfd601000 rwxp 025b254000 ---p 00019000 00:10 45127                      /usr/lib64/libsasl2.so.2.0.22
2ae25b254000-2ae25b255000 r-xp 00019000 00:10 45127                      /usr/lib64/libsasl2.so.2.0.22
2ae25b255000-2ae25b256000 rwxp 0001a000 00:10 45127                      /usr/lib64/libsasl2.so.2.0.22
2ae25b256000-2ae25b2f4000 r-xp 00000000 00:10 44641                      /usr/lib64/libkrb5.so.3.3
2ae25b2f4000-2ae25b4f3000 ---p 0009e000 00:10 44641                      /usr/lib64/libkrb5.so.3.3
2ae25b4f3000-2ae25b4f6000 r-xp 0009d000 00:10 44641                      /usr/lib64/libkrb5.so.3.3
2ae25b4f6000-2ae25b4f8000 rwxp 000a0000 00:10 44641                      /usr/lib64/libkrb5.so.3.3
2ae25b4f8000-2ae25b4fb000 r-xp 00000000 00:10 43975                      /lib64/libcom_err.so.2.1
2ae25b4fb000-2ae25b6fa000 ---p 00003000 00:10 43975                      /lib64/libcom_err.so.2.1
2ae25b6fa000-2ae25b6fb000 r-xp 00002000 00:10 43975                      /lib64/libcom_err.so.2.1
2ae25b6fb000-2ae25b6fc000 rwxp 00003000 00:10 43975                      /lib64/libcom_err.so.2.1
2ae25b6fc000-2ae25b727000 r-xp 00000000 00:10 46080                      /usr/lib64/libgssapi_krb5.so.2.2
2ae25b727000-2ae25b927000 ---p 0002b000 00:10 46080                      /usr/lib64/libgssapi_krb5.so.2.2
2ae25b927000-2ae25b928000 r-xp 0002b000 00:10 46080                      /usr/lib64/libgssapi_krb5.so.2.2
2ae25b928000-2ae25b929000 rwxp 0002c000 00:10 46080                      /usr/lib64/libgssapi_krb5.so.2.2
2ae25b929000-2ae25b93e000 r-xp 00000000 00:10 43843                      /lib64/libnsl-2.11.3.so
2ae25b93e000-2ae25bb3d000 ---p 00015000 00:10 43843                      /lib64/libnsl-2.11.3.so
2ae25bb3d000-2ae25bb3e000 r-xp 00014000 00:10 43843                      /lib64/libnsl-2.11.3.so
2ae25bb3e000-2ae25bb3f000 rwxp 00015000 00:10 43843                      /lib64/libnsl-2.11.3.so
2ae25bb3f000-2ae25bb41000 rwxp 00000000 00:00 0 
2ae25bb41000-2ae25bb54000 r-xp 00000000 00:10 43963                      /lib64/libresolv-2.11.3.so
2ae25b0003000 00:10 45293                      /usr/lib64/libibscif-rdmav2.so
2b2bfd601000-2b2bfd60f000 r-xp 00000000 00:10 44970                      /usr/lib64/libmlx4-rdmav2.so
2b2bfd60f000-2b2bfd80f000 ---p 0000e000 00:10 44970                      /usr/lib64/libmlx4-rdmav2.so
2b2bfd80f000-2b2bfd810000 r-xp 0000e000 00:10 44970                      /usr/lib64/libmlx4-rdmav2.so
2b2bfd810000-2b2bfd811000 rwxp 0000f000 00:10 44970                      /usr/lib64/libmlx4-rdmav2.so
2b2bfd811000-2b2bfd8d9000 rwxp 00000000 00:00 0 
2b2bfd8e0000-2b2bfd900000 rwxs 01102000 00:10 21678                      /dev/infiniband/uverbs0
2b2bfd900000-2b2bfdb5c000 rwxp 00000000 00:00 0 
2b2bfdb5c000-2b2bfdb5d000 ---p 00000000 00:00 0 
2b2bfdb5d000-2b2bfdd5d000 rwxp 00000000 00:00 0 
2b2bfe496000-2b2bfe497000 ---p 00000000 00:00 0 
2b2bfe497000-2b2bfe697000 rwxp 00000000 00:00 0 
2b2bfe697000-2b2bfe698000 rwxs 00000000 00:04 47369364                   /dev/zero (deleted)
2b2bfe698000-2b2bfe6a1000 rwxs 00000000 00:04 47369365                   /dev/zero (deleted)
2b2bfe6a1000-2b2bfe6a2000 ---p 00000000 00:00 0 
2b2bfe6a2000-2b2bfe8a2000 rwxp 00000000 00:00 0 
2b2bfe8a2000-2b2bfe8a3000 rwxs 00000000 00:04 47369366                   /dev/zero (deleted)
2b2bfe8a3000-2b2bfe8a4000 ---p 00000000 00:00 0 
2b2bfe8a4000-2b2bfeaa4000 rwxp 00000000 00:00 0 
2b2bff1dd000-2b2bff1de000 ---p 00000000 00:00 0 
2b2bff1de000-2b2bff3de000 rwxp 00000000 00:00 0 
2b2bff3de000-2b2bff3df000 rwxs 00000000 00:04 47369367                   /dev/zero (deleted)
2b2bff3df000-2b2bff3e8000 rwxs 00000000 00:04 47369368                   /dev/zero (deleted)
2b2bff3e8000-2b2bff3e9000 ---p 00000000 00:00 0 
2b2bff3e9000-2b2bff5e9000 rwxp 00000000 00:00 0 
2b2bff5e9000-2b2bff5ea000 rwxs 00000000 00:04 47369369                   /dev/zero (deleted)
2b2bff5ea000-2b2c01b0f000 rwxp 00000000 00:00 0 
2b2c01b0f000-2b2c04033000 rwxp 00000000 00:00 0 
2b2c04033000-2b2c25521000 rwxp 00000000 00:00 0 
2b2c25521000-2b2c46a0d000 rwxp 00000000 00:00 0 
2b2c46a0d000-2b2c46a0e000 rwxp 00000000 00:00 0 
2b2c48000000-2b2c48021000 rwxp 00000000 00:00 0 
2b2c48021000-2b2c4c000000 ---p 00000000 00:00 0 
7fff48b01000-7fff48b25000 rwxp 00000000 00:00 0                          [stack]
7fff48bff000-7fff48c00000 r-xp 00000000 00:00 0                          [vdso]
ffffffffff600000-ffffffffff601000 r-xp 00000000 00:00 0                  [vsyscall]
b54000-2ae25bd54000 ---p 00013000 00:10 43963                      /lib64/libresolv-2.11.3.so
2ae25bd54000-2ae25bd55000 r-xp 00013000 00:10 43963                      /lib64/libresolv-2.11.3.so
2ae25bd55000-2ae25bd56000 rwxp 00014000 00:10 43963                      /lib64/libresolv-2.11.3.so
2ae25bd56000-2ae25bd58000 rwxp 00000000 00:00 0 
2ae25bd58000-2ae25bda7000 r-xp 00000000 00:10 45373                      /usr/lib64/libssl.so.0.9.8
2ae25bda7000-2ae25bfa6000 ---p 0004f000 00:10 45373                      /usr/lib64/libssl.so.0.9.8
2ae25bfa6000-2ae25bfa8000 r-xp 0004e000 00:10 45373                      /usr/lib64/libssl.so.0.9.8
2ae25bfa8000-2ae25bfae000 rwxp 00050000 00:10 45373                      /usr/lib64/libssl.so.0.9.8
2ae25bfae000-2ae25c121000 r-xp 00000000 00:10 46061                      /usr/lib64/libcrypto.so.0.9.8
2ae25c121000-2ae25c320000 ---p 00173000 00:10 46061                      /usr/lib64/libcrypto.so.0.9.8
2ae25c320000-2ae25c330000 r-xp 00172000 00:10 46061                      /usr/lib64/libcrypto.so.0.9.8
2ae25c330000-2ae25c349000 rwxp 00182000 00:10 46061                      /usr/lib64/libcrypto.so.0.9.8
2ae25c349000-2ae25c34d000 rwxp 00000000 00:00 0 
2ae25c34d000-2ae25c371000 r-xp 00000000 00:10 45374                      /usr/lib64/libk5crypto.so.3.1
2ae25c371000-2ae25c570000 ---p 00024000 00:10 45374                      /usr/lib64/libk5crypto.so.3.1
2ae25c570000-2ae25c572000 r-xp 00023000 00:10 45374                      /usr/lib64/libk5crypto.so.3.1
2ae25c572000-2ae25c573000 rwxp 00025000 00:10 45374                      /usr/lib64/libk5crypto.so.3.1
2ae25c573000-2ae25c57a000 r-xp 00000000 00:10 44623                      /usr/lib64/libkrb5support.so.0.1
2ae25c57a000-2ae25c77a000 ---p 00007000 00:10 44623                      /usr/lib64/libkrb5support.so.0.1
2ae25c77a000-2ae25c77b000 r-xp 00007000 00:10 44623                      /usr/lib64/libkrb5support.so.0.1
2ae25c77b000-2ae25c77c000 rwxp 00008000 00:10 44623                      /usr/lib64/libkrb5support.so.0.1
2ae25c77c000-2ae25c77e000 r-xp 00000000 00:10 43910                      /lib64/libkeyutils-1.2.so
2ae25c77e000-2ae25c97d000 ---p 00002000 00:10 43910                      /lib64/libkeyutils-1.2.so
2ae25c97d000-2ae25c97e000 r-xp 00001000 00:10 43910                      /lib64/libkeyutils-1.2.so
2ae25c97e000-2ae25c97f000 rwxp 00002000 00:10 43910                      /lib64/libkeyutils-1.2.so
2ae25c97f000-2ae25c994000 r-xp 00000000 00:10 43732                      /lib64/libz.so.1.2.7
2ae25c994000-2ae25cb93000 ---p 00015000 00:10 43732                      /lib64/libz.so.1.2.7
2ae25cb93000-2ae25cb94000 r-xp 00014000 00:10 43732                      /lib64/libz.so.1.2.7
2ae25cb94000-2ae25cb95000 rwxp 00015000 00:10 43732                      /lib64/libz.so.1.2.7
2ae25cb95000-2ae264396000 rwxs 00000000 00:12 47370636                   /dev/shm/Intel_MPI_DJh2g1 (deleted)
2ae264396000-2ae264397000 -w-s 101ff979000 00:10 21678                   /dev/infiniband/uverbs0
2ae264397000-2ae264398000 -w-s 101ffd79000 00:10 21678                   /dev/infiniband/uverbs0
2ae264398000-2ae26439a000 rwxp 00000000 00:00 0 
2ae2643a0000-2ae2643aa000 r-xp 00000000 00:10 45322                      /usr/lib64/libdat2.so.2.0.0
2ae2643aa000-2ae2645aa000 ---p 0000a000 00:10 45322                      /usr/lib64/libdat2.so.2.0.0
2ae2645aa000-2ae2645ab000 r-xp 0000a000 00:10 45322                      /usr/lib64/libdat2.so.2.0.0
2ae2645ab000-2ae2645ac000 rwxp 0000b000 00:10 45322                      /usr/lib64/libdat2.so.2.0.0
2ae2645ac000-2ae2645d0000 r-xp 00000000 00:10 44448                      /usr/lib64/libdaploucm.so.2.0.0
2ae2645d0000-2ae2647cf000 ---p 00024000 00:10 44448                      /usr/lib64/libdaploucm.so.2.0.0
2ae2647cf000-2ae2647d0000 r-xp 00023000 00:10 44448                      /usr/lib64/libdaploucm.so.2.0.0
2ae2647d0000-2ae2647d1000 rwxp 00024000 00:10 44448                      /usr/lib64/libdaploucm.so.2.0.0
2ae2647d1000-2ae2647e4000 r-xp 00000000 00:10 44504                      /usr/lib64/libibverbs.so.1.0.0
2ae2647e4000-2ae2649e4000 ---p 00013000 00:10 44504                      /usr/lib64/libibverbs.so.1.0.0
2ae2649e4000-2ae2649e5000 r-xp 00013000 00:10 44504                      /usr/lib64/libibverbs.so.1.0.0
2ae2649e5000-2ae2649e6000 rwxp 00014000 00:10 44504                      /usr/lib64/libibverbs.so.1.0.0
2ae2649e6000-2ae264a32000 r-xp 00000000 00:10 43817                      /lib64/libnl.so.1.1
2ae264a32000-2ae264c32000 ---p 0004c000 00:10 43817                      /lib64/libnl.so.1.1
2ae264c32000-2ae264c33000 r-xp 0004c000 00:10 43817                      /lib64/libnl.so.1.1
2ae264c33000-2ae264c38000 rwxp 0004d000 00:10 43817                      /lib64/libnl.so.1.1
2ae264c38000-2ae264c3b000 r-xp 00000000 00:10 45293                      /usr/lib64/libibscif-rdmav2.so
2ae264c3b000-2ae264e3a000 ---p 00003000 00:10 45293                      /usr/lib64/libibscif-rdmav2.so
2ae264e3a000-2ae264e3b000 r-xp 00002000 00:10 45293                      /usr/lib64/libibscif-rdmav2.so
2ae264e3b000-2ae264e3c000 rwxp 00003000 00:10 45293                      /usr/lib64/libibscif-rdmav2.so
2ae264e3c000-2ae264e4a000 r-xp 00000000 00:10 44970                      /usr/lib64/libmlx4-rdmav2.so
2ae264e4a000-2ae26504a000 ---p 0000e000 00:10 44970                      /usr/lib64/libmlx4-rdmav2.so
2ae26504a000-2ae26504b000 r-xp 0000e000 00:10 44970                      /usr/lib64/libmlx4-rdmav2.so
2ae26504b000-2ae26504c000 rwxp 0000f000 00:10 44970                      /usr/lib64/libmlx4-rdmav2.so
2ae26504c000-2ae265114000 rwxp 00000000 00:00 0 
2ae265120000-2ae265140000 rwxs 01102000 00:10 21678                      /dev/infiniband/uverbs0
2ae265140000-2ae26539c000 rwxp 00000000 00:00 0 
2ae26539c000-2ae26539d000 ---p 00000000 00:00 0 
2ae26539d000-2ae26559d000 rwxp 00000000 00:00 0 
2ae265cd6000-2ae265cd7000 ---p 00000000 00:00 0 
2ae265cd7000-2ae265ed7000 rwxp 00000000 00:00 0 
2ae265ed7000-2ae265ed8000 rwxs 00000000 00:04 46933095                   /dev/zero (deleted)
2ae265ed8000-2ae265ee1000 rwxs 00000000 00:04 47192738                   /dev/zero (deleted)
2ae265ee1000-2ae265ee2000 ---p 00000000 00:00 0 
2ae265ee2000-2ae2660e2000 rwxp 00000000 00:00 0 
2ae2660e2000-2ae2660e3000 rwxs 00000000 00:04 47192739                   /dev/zero (deleted)
2ae2660e3000-2ae2660e4000 ---p 00000000 00:00 0 
2ae2660e4000-2ae2662e4000 rwxp 00000000 00:00 0 
2ae266a1d000-2ae266a1e000 ---p 00000000 00:00 0 
2ae266a1e000-2ae266c1e000 rwxp 00000000 00:00 0 
2ae266c1e000-2ae266c1f000 rwxs 00000000 00:04 47192740                   /dev/zero (deleted)
2ae266c1f000-2ae266c28000 rwxs 00000000 00:04 47192741                   /dev/zero (deleted)
2ae266c28000-2ae266c29000 ---p 00000000 00:00 0 
2ae266c29000-2ae266e29000 rwxp 00000000 00:00 0 
2ae266e29000-2ae266e2a000 rwxs 00000000 00:04 47192742                   /dev/zero (deleted)
2ae266e2a000-2ae26934f000 rwxp 00000000 00:00 0 
2ae26934f000-2ae26b873000 rwxp 00000000 00:00 0 
2ae26b873000-2ae28cd61000 rwxp 00000000 00:00 0 
2ae28cd61000-2ae2ae24d000 rwxp 00000000 00:00 0 
2ae2ae24d000-2ae2ae24e000 rwxp 00000000 00:00 0 
2ae2b0000000-2ae2b0021000 rwxp 00000000 00:00 0 
2ae2b0021000-2ae2b4000000 ---p 00000000 00:00 0 
7fff10f40000-7fff10f64000 rwxp 00000000 00:00 0                          [stack]
7fff10fff000-7fff11000000 r-xp 00000000 00:00 0                          [vdso]
ffffffffff600000-ffffffffff601000 r-xp 00000000 00:00 0                  [vsyscall]
