Currently Loaded Modulefiles:
 1) admin/1.0      3) mkl/11.3       5) lrz/default   
 2) tempdir/1.0    4) mpi.intel/5.1  6) intel/15.0    
*** glibc detected *** ../../machines/lrz-ib_phi/lammps-10Mar16/src/lmp_intel_phi_default_vector: malloc(): memory corruption: 0x00002aaf3f928e10 ***
*** glibc detected *** ../../machines/lrz-ib_phi/lammps-10Mar16/src/lmp_intel_phi_default_vector: malloc(): memory corruption: 0x00002b023b1a4e10 ***
======= Backtrace: =========
======= Backtrace: =========
/lib64/libc.so.6(+0x76628)[0x2b023aea8628]
/lib64/libc.so.6(+0x76628)[0x2aaf3f62c628]
/lib64/libc.so.6(+0x795df)[0x2b023aeab5df]
/lib64/libc.so.6(+0x795df)[0x2aaf3f62f5df]
/lib64/libc.so.6(__libc_malloc+0x77)[0x2b023aead6b7]
/lib64/libc.so.6(__libc_malloc+0x77)[0x2aaf3f6316b7]
/usr/lib64/libstdc++.so.6(_Znwm+0x1d)[0x2b023a97908d]
/usr/lib64/libcoi_host.so.0(+0x214d1)[0x2b023c9c44d1]
/usr/lib64/libcoi_host.so.0(+0x1edb5)[0x2b023c9c1db5]
/usr/lib64/libcoi_host.so.0(+0x1a7a2)[0x2b023c9bd7a2]
/usr/lib64/libcoi_host.so.0(COIBufferSetState+0x16b)[0x2b023c9b478b]
/lrz/sys/intel/compiler/composer_xe_2015.5.223/compiler/lib/intel64/liboffload.so.5(+0x17ea2)[0x2b023a4b0ea2]
/usr/lib64/libstdc++.so.6(_Znwm+0x1d)[0x2aaf3f0fd08d]
/usr/lib64/libcoi_host.so.0(+0x214d1)[0x2aaf411484d1]
/usr/lib64/libcoi_host.so.0(+0x1edb5)[0x2aaf41145db5]
/usr/lib64/libcoi_host.so.0(+0x1a7a2)[0x2aaf411417a2]
/usr/lib64/libcoi_host.so.0(COIBufferSetState+0x16b)[0x2aaf4113878b]
/lrz/sys/intel/compiler/composer_xe_2015.5.223/compiler/lib/intel64/liboffload.so.5(+0x17ea2)[0x2aaf3ec34ea2]
/lrz/sys/intel/compiler/composer_xe_2015.5.223/compiler/lib/intel64/liboffload.so.5(+0x11d3a)[0x2aaf3ec2ed3a]
/lrz/sys/intel/compiler/composer_xe_2015.5.223/compiler/lib/intel64/liboffload.so.5(+0x101c7)[0x2aaf3ec2d1c7]
/lrz/sys/intel/compiler/composer_xe_2015.5.223/compiler/lib/intel64/liboffload.so.5(+0xf98c)[0x2aaf3ec2c98c]
/lrz/sys/intel/compiler/composer_xe_2015.5.223/compiler/lib/intel64/liboffload.so.5(__offload_offload1+0x52)[0x2aaf3ec3e792]
/lrz/sys/intel/compiler/composer_xe_2015.5.223/compiler/lib/intel64/liboffload.so.5(+0x11d3a)[0x2b023a4aad3a]
/lrz/sys/intel/compiler/composer_xe_2015.5.223/compiler/lib/intel64/liboffload.so.5(+0x101c7)[0x2b023a4a91c7]
/lrz/sys/intel/compiler/composer_xe_2015.5.223/compiler/lib/intel64/liboffload.so.5(+0xf98c)[0x2b023a4a898c]
/lrz/sys/intel/compiler/composer_xe_2015.5.223/compiler/lib/intel64/liboffload.so.5(__offload_offload1+0x52)[0x2b023a4ba792]
../../machines/lrz-ib_phi/lammps-10Mar16/src/lmp_intel_phi_default_vector[0x7758cc]
../../machines/lrz-ib_phi/lammps-10Mar16/src/lmp_intel_phi_default_vector[0x88a4a3]
../../machines/lrz-ib_phi/lammps-10Mar16/src/lmp_intel_phi_default_vector[0x822b73]
../../machines/lrz-ib_phi/lammps-10Mar16/src/lmp_intel_phi_default_vector[0x80a002]
../../machines/lrz-ib_phi/lammps-10Mar16/src/lmp_intel_phi_default_vector[0x1190eef]
../../machines/lrz-ib_phi/lammps-10Mar16/src/lmp_intel_phi_default_vector[0x7758cc]
../../machines/lrz-ib_phi/lammps-10Mar16/src/lmp_intel_phi_default_vector[0x88a4a3]
../../machines/lrz-ib_phi/lammps-10Mar16/src/lmp_intel_phi_default_vector[0x822b73]
../../machines/lrz-ib_phi/lammps-10Mar16/src/lmp_intel_phi_default_vector[0x80a002]
../../machines/lrz-ib_phi/lammps-10Mar16/src/lmp_intel_phi_default_vector[0x1190eef]
../../machines/lrz-ib_phi/lammps-10Mar16/src/lmp_intel_phi_default_vector[0x115164c]
../../machines/lrz-ib_phi/lammps-10Mar16/src/lmp_intel_phi_default_vector[0x76adc9]
../../machines/lrz-ib_phi/lammps-10Mar16/src/lmp_intel_phi_default_vector[0x7635f5]
../../machines/lrz-ib_phi/lammps-10Mar16/src/lmp_intel_phi_default_vector[0x7609a7]
../../machines/lrz-ib_phi/lammps-10Mar16/src/lmp_intel_phi_default_vector[0x7879d1]
../../machines/lrz-ib_phi/lammps-10Mar16/src/lmp_intel_phi_default_vector[0x115164c]
../../machines/lrz-ib_phi/lammps-10Mar16/src/lmp_intel_phi_default_vector[0x76adc9]
../../machines/lrz-ib_phi/lammps-10Mar16/src/lmp_intel_phi_default_vector[0x7635f5]
../../machines/lrz-ib_phi/lammps-10Mar16/src/lmp_intel_phi_default_vector[0x7609a7]
../../machines/lrz-ib_phi/lammps-10Mar16/src/lmp_intel_phi_default_vector[0x7879d1]
/lib64/libc.so.6(__libc_start_main+0xe6)[0x2aaf3f5d4c36]
../../machines/lrz-ib_phi/lammps-10Mar16/src/lmp_intel_phi_default_vector[0x40a039]
======= Memory map: ========
/lib64/libc.so.6(__libc_start_main+0xe6)[0x2b023ae50c36]
../../machines/lrz-ib_phi/lammps-10Mar16/src/lmp_intel_phi_default_vector[0x40a039]
======= Memory map: ========
00400000-01d56000 r-xp 00000000 00:1f 298137465                          /home/hpc/pr92ka/di49reb/tersoff-sc16-new/machines/lrz-ib_phi/lammps-10Mar16/src/lmp_intel_phi_default_vector
01f55000-01f57000 r-xp 01955000 00:1f 298137465                          /home/hpc/pr92ka/di49reb/tersoff-sc16-new/machines/lrz-ib_phi/lammps-10Mar16/src/lmp_intel_phi_default_vector
01f57000-0201f000 rwxp 01957000 00:1f 298137465                          /home/hpc/pr92ka/di49reb/tersoff-sc16-new/machines/lrz-ib_phi/lammps-10Mar16/src/lmp_intel_phi_default_vector
0201f000-020d3000 rwxp 00000000 00:00 0                                  [heap]
020d3000-020d4000 rwxp 00000000 00:00 0                                  [heap]
020d4000-020d5000 rwxp 00000000 00:00 0                                  [heap]
020d5000-020d6000 rwxp 00000000 00:00 0                                  [heap]
020d6000-020d7000 rwxp 00000000 00:00 0                                  [heap]
020d7000-020d8000 rwxp 00000000 00:00 0                                  [h00400000-01d56000 r-xp 00000000 00:1f 298137465                          /home/hpc/pr92ka/di49reb/tersoff-sc16-new/machines/lrz-ib_phi/lammps-10Mar16/src/lmp_intel_phi_default_vector
01f55000-01f57000 r-xp 01955000 00:1f 298137465                          /home/hpc/pr92ka/di49reb/tersoff-sc16-new/machines/lrz-ib_phi/lammps-10Mar16/src/lmp_intel_phi_default_vector
01f57000-0201f000 rwxp 01957000 00:1f 298137465                          /home/hpc/pr92ka/di49reb/tersoff-sc16-new/machines/lrz-ib_phi/lammps-10Mar16/src/lmp_intel_phi_default_vector
0201f000-020d3000 rwxp 00000000 00:00 0                                  [heap]
020d3000-020d4000 rwxp 00000000 00:00 0                                  [heap]
020d4000-020d5000 rwxp 00000000 00:00 0                                  [heap]
020d5000-020d6000 rwxp 00000000 00:00 0                                  [heap]
020d6000-020d7000 rwxp 00000000 00:00 0                                  [heap]
020d7000-020d8000 rwxp 00000000 00:00 0                                  [heap]
020d8000-020d9000 rwxp 00000000 00:00 0                                  [heap]
020d9000-020da000 rwxp 00000000 00:00 0                                  [heap]
020da000-020db000 rwxp 00000000 00:00 0                                  [heap]
020db000-020dc000 rwxp 00000000 00:00 0                                  [heap]
020dc000-021e0000 rwxp 00000000 00:00 0                                  [heap]
021e0000-021e1000 rwxp 00000000 00:00 0                                  [heap]
021e1000-021e2000 rwxp 00000000 00:00 0                                  [heap]
021e2000-02263000 rwxp 00000000 00:00 0                                  [heap]
02263000-02264000 rwxp 00000000 00:00 0                                  [heap]
02264000-022e5000 rwxp 00000000 00:00 0                                  [heap]
022e5000-02605000 rwxp 00000000 00:00 0                                  [heap]
02605000-02606000 rwxp 00000000 00:00 0                                  [heap]
02606000-02607000 rwxp 00000000 00:00 0                    eap]
020d8000-020d9000 rwxp 00000000 00:00 0                                  [heap]
020d9000-020da000 rwxp 00000000 00:00 0                                  [heap]
020da000-020db000 rwxp 00000000 00:00 0                                  [heap]
020db000-020dc000 rwxp 00000000 00:00 0                                  [heap]
020dc000-021e0000 rwxp 00000000 00:00 0                                  [heap]
021e0000-021e1000 rwxp 00000000 00:00 0                                  [heap]
021e1000-021e2000 rwxp 00000000 00:00 0                                  [heap]
021e2000-02263000 rwxp 00000000 00:00 0                                  [heap]
02263000-02264000 rwxp 00000000 00:00 0                                  [heap]
02264000-022e5000 rwxp 00000000 00:00 0                                  [heap]
022e5000-02605000 rwxp 00000000 00:00 0                                  [heap]
02605000-02606000 rwxp 00000000 00:00 0                                  [heap]
02606000-02607000 rwxp 00000000 00:00 0                                  [heap]
02607000-02608000 rwxp 00000000 00:00 0                                  [heap]
02608000-02609000 rwxp 00000000 00:00 0                                  [heap]
02609000-0260a000 rwxp 00000000 00:00 0                                  [heap]
0260a000-0260b000 rwxp 00000000 00:00 0                                  [heap]
0260b000-0260c000 rwxp 00000000 00:00 0                                  [heap]
0260c000-02726000 rwxp 00000000 00:00 0                                  [heap]
02726000-02727000 rwxp 00000000 00:00 0                                  [heap]
02727000-03120000 rwxp 00000000 00:00 0                                  [heap]
03120000-031a1000 rwxp 00000000 00:00 0                                  [heap]
031a1000-031a2000 rwxp 00000000 00:00 0                                  [heap]
031a2000-03223000 rwxp 00000000 00:00 0                                  [heap]
03223000-03224000 rwxp 00000000 00:00 0                                  [heap]
03224000-032c5000 rwxp 00000000 00:00 0                                  [heap]
032c5000-032c6000 rwxp 00000000 00:00 0                                  [heap]
032c6000-03367000 rwxp 00000000 00:00 0                                  [heap]
03367000-050b8000 rwxp 00000000 00:00 0                                  [heap]
050b8000-05607000 rwxp 00000000 00:00 0                                  [heap]
05607000-05608000 rwxp 00000000 00:00 0                                  [heap]
05608000-0576f000 rwxp 00000000 00:00 0                                  [heap]
0576f000-05790000 rwxp 00000000 00:00 0                                  [heap]
2aaaaaab0000-2aaaaaab8000 rwxs 00f02000 00:10 83413                      /dev/infiniband/uverbs0
2aaaaaab8000-2aaaaaac0000 rwxs 00f02000 00:10 83413                      /dev/infiniband/uverbs0
2aaaaaac0000-2aaaaaae2000 rwxs 01202000 00:10 83413                      /dev/infiniband/uverbs0
2aaf3959c000-2aaf395bb000 r-xp 00000000 00:10 42616                      /lib64/ld-2.11.3.so
2aaf395bb000-2aaf395bd000 rwxp 00000000 00:              [heap]
02607000-02608000 rwxp 00000000 00:00 0                                  [heap]
02608000-02609000 rwxp 00000000 00:00 0                                  [heap]
02609000-0260a000 rwxp 00000000 00:00 0                                  [heap]
0260a000-0260b000 rwxp 00000000 00:00 0                                  [heap]
0260b000-0260c000 rwxp 00000000 00:00 0                                  [heap]
0260c000-02726000 rwxp 00000000 00:00 0                                  [heap]
02726000-02727000 rwxp 00000000 00:00 0                                  [heap]
02727000-03120000 rwxp 00000000 00:00 0                                  [heap]
03120000-031a1000 rwxp 00000000 00:00 0                                  [heap]
031a1000-031a2000 rwxp 00000000 00:00 0                                  [heap]
031a2000-03223000 rwxp 00000000 00:00 0                                  [heap]
03223000-03224000 rwxp 00000000 00:00 0                                  [heap]
03224000-032c5000 rwxp 00000000 00:00 0    00 0 
2aaf397ba000-2aaf397bb000 r-xp 0001e000 00:10 42616                      /lib64/ld-2.11.3.so
2aaf397bb000-2aaf397bc000 rwxp 0001f000 00:10 42616                      /lib64/ld-2.11.3.so
2aaf397bc000-2aaf397bd000 rwxp 00000000 00:00 0 
2aaf397bd000-2aaf39ea2000 r-xp 00000000 00:19 99878849                   /lrz/mnt/sys.x86_64/intel/studio_u5/compilers_and_libraries_2016.2.181/linux/mkl/lib/intel64_lin/libmkl_intel_ilp64.so
2aaf39ea2000-2aaf3a0a2000 ---p 006e5000 00:19 99878849                   /lrz/mnt/sys.x86_64/intel/studio_u5/compilers_and_libraries_2016.2.181/linux/mkl/lib/intel64_lin/libmkl_intel_ilp64.so
2aaf3a0a2000-2aaf3a0a3000 r-xp 006e5000 00:19 99878849                   /lrz/mnt/sys.x86_64/intel/studio_u5/compilers_and_libraries_2016.2.181/linux/mkl/lib/intel64_lin/libmkl_intel_ilp64.so
2aaf3a0a3000-2aaf3a0b3000 rwxp 006e6000 00:19 99878849                   /lrz/mnt/sys.x86_64/intel/studio_u5/compilers_and_libraries_2016.2.181/linux/mkl/lib/intel64_lin/libmkl_intel_ilp64.so
2aaf3a0b3000-2aaf3a0b8000 rwxp 00000000 00:00 0 
2aaf3a0b8000-2aaf3b374000 r-xp 00000000 00:19 99878851                   /lrz/mnt/sys.x86_64/intel/studio_u5/compilers_and_libraries_2016.2.181/linux/mkl/lib/intel64_lin/libmkl_intel_thread.so
2aaf3b374000-2aaf3b574000 ---p 012bc000 00:19 99878851                   /lrz/mnt/sys.x86_64/intel/studio_u5/compilers_and_libraries_2016.2.181/linux/mkl/lib/intel64_lin/libmkl_intel_thread.so
2aaf3b574000-2aaf3b575000 r-xp 012bc000 00:19 99878851                   /lrz/mnt/sys.x86_64/intel/studio_u5/compilers_and_libraries_2016.2.181/linux/mkl/lib/intel64_lin/libmkl_intel_thread.so
2aaf3b575000-2aaf3b707000 rwxp 012bd000 00:19 99878851                   /lrz/mnt/sys.x86_64/intel/studio_u5/compilers_and_libraries_2016.2.181/linux/mkl/lib/intel64_lin/libmkl_intel_thread.so
2aaf3b707000-2aaf3b70d000 rwxp 00000000 00:00 0 
2aaf3b70d000-2aaf3ce1a000 r-xp 00000000 00:19 99878847                   /lrz/mnt/sys.x86_64/intel/studio_u5/compilers_and_libraries_2016.2.181/linux/mkl/lib/intel64_lin                              [heap]
032c5000-032c6000 rwxp 00000000 00:00 0                                  [heap]
032c6000-03367000 rwxp 00000000 00:00 0                                  [heap]
03367000-050b8000 rwxp 00000000 00:00 0                                  [heap]
050b8000-05607000 rwxp 00000000 00:00 0                                  [heap]
05607000-05608000 rwxp 00000000 00:00 0                                  [heap]
05608000-0576f000 rwxp 00000000 00:00 0                                  [heap]
0576f000-05790000 rwxp 00000000 00:00 0                                  [heap]
2aaaaaab0000-2aaaaaab8000 rwxs 00f02000 00:10 83413                      /dev/infiniband/uverbs0
2aaaaaab8000-2aaaaaac0000 rwxs 00f02000 00:10 83413                      /dev/infiniband/uverbs0
2aaaaaac0000-2aaaaaae2000 rwxs 01202000 00:10 83413                      /dev/infiniband/uverbs0
2b0234e18000-2b0234e37000 r-xp 00000000 00:10 42616                      /lib64/ld-2.11.3.so
2b0234e37000-2b0234e39000 rwxp 00000000 00:/libmkl_core.so
2aaf3ce1a000-2aaf3d019000 ---p 0170d000 00:19 99878847                   /lrz/mnt/sys.x86_64/intel/studio_u5/compilers_and_libraries_2016.2.181/linux/mkl/lib/intel64_lin/libmkl_core.so
2aaf3d019000-2aaf3d021000 r-xp 0170c000 00:19 99878847                   /lrz/mnt/sys.x86_64/intel/studio_u5/compilers_and_libraries_2016.2.181/linux/mkl/lib/intel64_lin/libmkl_core.so
2aaf3d021000-2aaf3d042000 rwxp 01714000 00:19 99878847                   /lrz/mnt/sys.x86_64/intel/studio_u5/compilers_and_libraries_2016.2.181/linux/mkl/lib/intel64_lin/libmkl_core.so
2aaf3d042000-2aaf3d094000 rwxp 00000000 00:00 0 
2aaf3d09e000-2aaf3d09f000 rwxp 00000000 00:00 0 
2aaf3d09f000-2aaf3d0c1000 r-xp 00000000 00:10 43554                      /usr/lib64/libjpeg.so.62.0.0
2aaf3d0c1000-2aaf3d2c1000 ---p 00022000 00:10 43554                      /usr/lib64/libjpeg.so.62.0.0
2aaf3d2c1000-2aaf3d2c2000 r-xp 00022000 00:10 43554                      /usr/lib64/libjpeg.so.62.0.0
2aaf3d2c2000-2aaf3d2c3000 rwxp 00023000 00:10 43500 0 
2b0235036000-2b0235037000 r-xp 0001e000 00:10 42616                      /lib64/ld-2.11.3.so
2b0235037000-2b0235038000 rwxp 0001f000 00:10 42616                      /lib64/ld-2.11.3.so
2b0235038000-2b0235039000 rwxp 00000000 00:00 0 
2b0235039000-2b023571e000 r-xp 00000000 00:19 99878849                   /lrz/mnt/sys.x86_64/intel/studio_u5/compilers_and_libraries_2016.2.181/linux/mkl/lib/intel64_lin/libmkl_intel_ilp64.so
2b023571e000-2b023591e000 ---p 006e5000 00:19 99878849                   /lrz/mnt/sys.x86_64/intel/studio_u5/compilers_and_libraries_2016.2.181/linux/mkl/lib/intel64_lin/libmkl_intel_ilp64.so
2b023591e000-2b023591f000 r-xp 006e5000 00:19 99878849                   /lrz/mnt/sys.x86_64/intel/studio_u5/compilers_and_libraries_2016.2.181/linux/mkl/lib/intel64_lin/libmkl_intel_ilp64.so
2b023591f000-2b023592f000 rwxp 006e6000 00:19 99878849                   /lrz/mnt/sys.x86_64/intel/studio_u5/compilers_and_libraries_2016.2.181/linux/mkl/lib/intel64_lin/libmkl_intel_ilp64.so
2b023592f000-2b54                      /usr/lib64/libjpeg.so.62.0.0
2aaf3d2c3000-2aaf3d3cd000 r-xp 00000000 00:19 84953501                   /lrz/mnt/sys.x86_64/intel/compiler/composer_xe_2015.5.223/compiler/lib/intel64/libiomp5.so
2aaf3d3cd000-2aaf3d5cc000 ---p 0010a000 00:19 84953501                   /lrz/mnt/sys.x86_64/intel/compiler/composer_xe_2015.5.223/compiler/lib/intel64/libiomp5.so
2aaf3d5cc000-2aaf3d5ce000 r-xp 00109000 00:19 84953501                   /lrz/mnt/sys.x86_64/intel/compiler/composer_xe_2015.5.223/compiler/lib/intel64/libiomp5.so
2aaf3d5ce000-2aaf3d5d7000 rwxp 0010b000 00:19 84953501                   /lrz/mnt/sys.x86_64/intel/compiler/composer_xe_2015.5.223/compiler/lib/intel64/libiomp5.so
2aaf3d5d7000-2aaf3d604000 rwxp 00000000 00:00 0 
2aaf3d604000-2aaf3d61b000 r-xp 00000000 00:10 42619                      /lib64/libpthread-2.11.3.so
2aaf3d61b000-2aaf3d81b000 ---p 00017000 00:10 42619                      /lib64/libpthread-2.11.3.so
2aaf3d81b000-2aaf3d81c000 r-xp 00017000 00:10 42619             0235934000 rwxp 00000000 00:00 0 
2b0235934000-2b0236bf0000 r-xp 00000000 00:19 99878851                   /lrz/mnt/sys.x86_64/intel/studio_u5/compilers_and_libraries_2016.2.181/linux/mkl/lib/intel64_lin/libmkl_intel_thread.so
2b0236bf0000-2b0236df0000 ---p 012bc000 00:19 99878851                   /lrz/mnt/sys.x86_64/intel/studio_u5/compilers_and_libraries_2016.2.181/linux/mkl/lib/intel64_lin/libmkl_intel_thread.so
2b0236df0000-2b0236df1000 r-xp 012bc000 00:19 99878851                   /lrz/mnt/sys.x86_64/intel/studio_u5/compilers_and_libraries_2016.2.181/linux/mkl/lib/intel64_lin/libmkl_intel_thread.so
2b0236df1000-2b0236f83000 rwxp 012bd000 00:19 99878851                   /lrz/mnt/sys.x86_64/intel/studio_u5/compilers_and_libraries_2016.2.181/linux/mkl/lib/intel64_lin/libmkl_intel_thread.so
2b0236f83000-2b0236f89000 rwxp 00000000 00:00 0 
2b0236f89000-2b0238696000 r-xp 00000000 00:19 99878847                   /lrz/mnt/sys.x86_64/intel/studio_u5/compilers_and_libraries_2016.2.181/linux/mkl/lib/intel64_lin/libmkl_core.so
2b0238696000-2b0238895000 ---p 0170d000 00:19 99878847                   /lrz/mnt/sys.x86_64/intel/studio_u5/compilers_and_libraries_2016.2.181/linux/mkl/lib/intel64_lin/libmkl_core.so
2b0238895000-2b023889d000 r-xp 0170c000 00:19 99878847                   /lrz/mnt/sys.x86_64/intel/studio_u5/compilers_and_libraries_2016.2.181/linux/mkl/lib/intel64_lin/libmkl_core.so
2b023889d000-2b02388be000 rwxp 01714000 00:19 99878847                   /lrz/mnt/sys.x86_64/intel/studio_u5/compilers_and_libraries_2016.2.181/linux/mkl/lib/intel64_lin/libmkl_core.so
2b02388be000-2b0238910000 rwxp 00000000 00:00 0 
2b023891a000-2b023891b000 rwxp 00000000 00:00 0 
2b023891b000-2b023893d000 r-xp 00000000 00:10 43554                      /usr/lib64/libjpeg.so.62.0.0
2b023893d000-2b0238b3d000 ---p 00022000 00:10 43554                      /usr/lib64/libjpeg.so.62.0.0
2b0238b3d000-2b0238b3e000 r-xp 00022000 00:10 43554                      /usr/lib64/libjpeg.so.62.0.0
2b0238b3e000-2b0238b3f000 rwxp 00023000 00:10 435         /lib64/libpthread-2.11.3.so
2aaf3d81c000-2aaf3d81d000 rwxp 00018000 00:10 42619                      /lib64/libpthread-2.11.3.so
2aaf3d81d000-2aaf3d822000 rwxp 00000000 00:00 0 
2aaf3d822000-2aaf3d87d000 r-xp 00000000 00:10 42620                      /lib64/libm-2.11.3.so
2aaf3d87d000-2aaf3da7c000 ---p 0005b000 00:10 42620                      /lib64/libm-2.11.3.so
2aaf3da7c000-2aaf3da7d000 r-xp 0005a000 00:10 42620                      /lib64/libm-2.11.3.so
2aaf3da7d000-2aaf3da9b000 rwxp 0005b000 00:10 42620                      /lib64/libm-2.11.3.so
2aaf3da9b000-2aaf3dab9000 r-xp 00000000 00:19 79474820                   /lrz/mnt/sys.x86_64/intel/compilers_and_libraries_2016.1.150/linux/mpi/intel64/lib/libmpicxx.so.12.0
2aaf3dab9000-2aaf3dcb8000 ---p 0001e000 00:19 79474820                   /lrz/mnt/sys.x86_64/intel/compilers_and_libraries_2016.1.150/linux/mpi/intel64/lib/libmpicxx.so.12.0
2aaf3dcb8000-2aaf3dcbb000 rwxp 0001d000 00:19 79474820                   /lrz/mnt/sys.x86_64/intel/compilers_54                      /usr/lib64/libjpeg.so.62.0.0
2b0238b3f000-2b0238c49000 r-xp 00000000 00:19 84953501                   /lrz/mnt/sys.x86_64/intel/compiler/composer_xe_2015.5.223/compiler/lib/intel64/libiomp5.so
2b0238c49000-2b0238e48000 ---p 0010a000 00:19 84953501                   /lrz/mnt/sys.x86_64/intel/compiler/composer_xe_2015.5.223/compiler/lib/intel64/libiomp5.so
2b0238e48000-2b0238e4a000 r-xp 00109000 00:19 84953501                   /lrz/mnt/sys.x86_64/intel/compiler/composer_xe_2015.5.223/compiler/lib/intel64/libiomp5.so
2b0238e4a000-2b0238e53000 rwxp 0010b000 00:19 84953501                   /lrz/mnt/sys.x86_64/intel/compiler/composer_xe_2015.5.223/compiler/lib/intel64/libiomp5.so
2b0238e53000-2b0238e80000 rwxp 00000000 00:00 0 
2b0238e80000-2b0238e97000 r-xp 00000000 00:10 42619                      /lib64/libpthread-2.11.3.so
2b0238e97000-2b0239097000 ---p 00017000 00:10 42619                      /lib64/libpthread-2.11.3.so
2b0239097000-2b0239098000 r-xp 00017000 00:10 42619             and_libraries_2016.1.150/linux/mpi/intel64/lib/libmpicxx.so.12.0
2aaf3dcbb000-2aaf3de21000 r-xp 00000000 00:19 79474823                   /lrz/mnt/sys.x86_64/intel/compilers_and_libraries_2016.1.150/linux/mpi/intel64/lib/libmpifort.so.12.0
2aaf3de21000-2aaf3e021000 ---p 00166000 00:19 79474823                   /lrz/mnt/sys.x86_64/intel/compilers_and_libraries_2016.1.150/linux/mpi/intel64/lib/libmpifort.so.12.0
2aaf3e021000-2aaf3e028000 rwxp 00166000 00:19 79474823                   /lrz/mnt/sys.x86_64/intel/compilers_and_libraries_2016.1.150/linux/mpi/intel64/lib/libmpifort.so.12.0
2aaf3e028000-2aaf3e04d000 rwxp 00000000 00:00 0 
2aaf3e04d000-2aaf3e58a000 r-xp 00000000 00:19 80069394                   /lrz/mnt/sys.x86_64/intel/compilers_and_libraries_2016.1.150/linux/mpi/intel64/lib/release_mt/libmpi.so.12.0
2aaf3e58a000-2aaf3e78a000 ---p 0053d000 00:19 80069394                   /lrz/mnt/sys.x86_64/intel/compilers_and_libraries_2016.1.150/linux/mpi/intel64/lib/release_mt/libmpi.so.12.0
2aaf3e78a000-2aaf3e7bc000 rwxp 0053d000 00:19 80069394                   /lrz/mnt/sys.x86_64/intel/compilers_and_libraries_2016.1.150/linux/mpi/intel64/lib/release_mt/libmpi.so.12.0
2aaf3e7bc000-2aaf3e80f000 rwxp 00000000 00:00 0 
2aaf3e80f000-2aaf3e811000 r-xp 00000000 00:10 42840                      /lib64/libdl-2.11.3.so
2aaf3e811000-2aaf3ea11000 ---p 00002000 00:10 42840                      /lib64/libdl-2.11.3.so
2aaf3ea11000-2aaf3ea12000 r-xp 00002000 00:10 42840                      /lib64/libdl-2.11.3.so
2aaf3ea12000-2aaf3ea13000 rwxp 00003000 00:10 42840                      /lib64/libdl-2.11.3.so
2aaf3ea13000-2aaf3ea1b000 r-xp 00000000 00:10 42797                      /lib64/librt-2.11.3.so
2aaf3ea1b000-2aaf3ec1a000 ---p 00008000 00:10 42797                      /lib64/librt-2.11.3.so
2aaf3ec1a000-2aaf3ec1b000 r-xp 00007000 00:10 42797                      /lib64/librt-2.11.3.so
2aaf3ec1b000-2aaf3ec1c000 rwxp 00008000 00:10 42797                      /lib64/librt-2.11.3.so
2aaf3ec1c000-2aaf3ec1d000 rwxp 00000000 00:00          /lib64/libpthread-2.11.3.so
2b0239098000-2b0239099000 rwxp 00018000 00:10 42619                      /lib64/libpthread-2.11.3.so
2b0239099000-2b023909e000 rwxp 00000000 00:00 0 
2b023909e000-2b02390f9000 r-xp 00000000 00:10 42620                      /lib64/libm-2.11.3.so
2b02390f9000-2b02392f8000 ---p 0005b000 00:10 42620                      /lib64/libm-2.11.3.so
2b02392f8000-2b02392f9000 r-xp 0005a000 00:10 42620                      /lib64/libm-2.11.3.so
2b02392f9000-2b0239317000 rwxp 0005b000 00:10 42620                      /lib64/libm-2.11.3.so
2b0239317000-2b0239335000 r-xp 00000000 00:19 79474820                   /lrz/mnt/sys.x86_64/intel/compilers_and_libraries_2016.1.150/linux/mpi/intel64/lib/libmpicxx.so.12.0
2b0239335000-2b0239534000 ---p 0001e000 00:19 79474820                   /lrz/mnt/sys.x86_64/intel/compilers_and_libraries_2016.1.150/linux/mpi/intel64/lib/libmpicxx.so.12.0
2b0239534000-2b0239537000 rwxp 0001d000 00:19 79474820                   /lrz/mnt/sys.x86_64/intel/compilers_0 
2aaf3ec1d000-2aaf3ec56000 r-xp 00000000 00:19 70063875                   /lrz/mnt/sys.x86_64/intel/compiler/composer_xe_2015.5.223/compiler/lib/intel64/liboffload.so.5
2aaf3ec56000-2aaf3ee55000 ---p 00039000 00:19 70063875                   /lrz/mnt/sys.x86_64/intel/compiler/composer_xe_2015.5.223/compiler/lib/intel64/liboffload.so.5
2aaf3ee55000-2aaf3ee57000 rwxp 00038000 00:19 70063875                   /lrz/mnt/sys.x86_64/intel/compiler/composer_xe_2015.5.223/compiler/lib/intel64/liboffload.so.5
2aaf3ee57000-2aaf3ee58000 rwxp 00000000 00:00 0 
2aaf3ee58000-2aaf3ee94000 r-xp 00000000 00:19 84953497                   /lrz/mnt/sys.x86_64/intel/compiler/composer_xe_2015.5.223/compiler/lib/intel64/libcilkrts.so.5
2aaf3ee94000-2aaf3f093000 ---p 0003c000 00:19 84953497                   /lrz/mnt/sys.x86_64/intel/compiler/composer_xe_2015.5.223/compiler/lib/intel64/libcilkrts.so.5
2aaf3f093000-2aaf3f094000 r-xp 0003b000 00:19 84953497                   /lrz/mnt/sys.x86_64/intel/compiler/composer_xe_2015.5.223/cand_libraries_2016.1.150/linux/mpi/intel64/lib/libmpicxx.so.12.0
2b0239537000-2b023969d000 r-xp 00000000 00:19 79474823                   /lrz/mnt/sys.x86_64/intel/compilers_and_libraries_2016.1.150/linux/mpi/intel64/lib/libmpifort.so.12.0
2b023969d000-2b023989d000 ---p 00166000 00:19 79474823                   /lrz/mnt/sys.x86_64/intel/compilers_and_libraries_2016.1.150/linux/mpi/intel64/lib/libmpifort.so.12.0
2b023989d000-2b02398a4000 rwxp 00166000 00:19 79474823                   /lrz/mnt/sys.x86_64/intel/compilers_and_libraries_2016.1.150/linux/mpi/intel64/lib/libmpifort.so.12.0
2b02398a4000-2b02398c9000 rwxp 00000000 00:00 0 
2b02398c9000-2b0239e06000 r-xp 00000000 00:19 80069394                   /lrz/mnt/sys.x86_64/intel/compilers_and_libraries_2016.1.150/linux/mpi/intel64/lib/release_mt/libmpi.so.12.0
2b0239e06000-2b023a006000 ---p 0053d000 00:19 80069394                   /lrz/mnt/sys.x86_64/intel/compilers_and_libraries_2016.1.150/linux/mpi/intel64/lib/release_mt/libmpi.so.12.0
2b023a006000-2b023a038000 rwxp 0053d000 00:19 80069394                   /lrz/mnt/sys.x86_64/intel/compilers_and_libraries_2016.1.150/linux/mpi/intel64/lib/release_mt/libmpi.so.12.0
2b023a038000-2b023a08b000 rwxp 00000000 00:00 0 
2b023a08b000-2b023a08d000 r-xp 00000000 00:10 42840                      /lib64/libdl-2.11.3.so
2b023a08d000-2b023a28d000 ---p 00002000 00:10 42840                      /lib64/libdl-2.11.3.so
2b023a28d000-2b023a28e000 r-xp 00002000 00:10 42840                      /lib64/libdl-2.11.3.so
2b023a28e000-2b023a28f000 rwxp 00003000 00:10 42840                      /lib64/libdl-2.11.3.so
2b023a28f000-2b023a297000 r-xp 00000000 00:10 42797                      /lib64/librt-2.11.3.so
2b023a297000-2b023a496000 ---p 00008000 00:10 42797                      /lib64/librt-2.11.3.so
2b023a496000-2b023a497000 r-xp 00007000 00:10 42797                      /lib64/librt-2.11.3.so
2b023a497000-2b023a498000 rwxp 00008000 00:10 42797                      /lib64/librt-2.11.3.so
2b023a498000-2b023a499000 rwxp 00000000 00:00 ompiler/lib/intel64/libcilkrts.so.5
2aaf3f094000-2aaf3f096000 rwxp 0003c000 00:19 84953497                   /lrz/mnt/sys.x86_64/intel/compiler/composer_xe_2015.5.223/compiler/lib/intel64/libcilkrts.so.5
2aaf3f096000-2aaf3f099000 rwxp 00000000 00:00 0 
2aaf3f099000-2aaf3f181000 r-xp 00000000 00:10 43383                      /usr/lib64/libstdc++.so.6.0.17
2aaf3f181000-2aaf3f380000 ---p 000e8000 00:10 43383                      /usr/lib64/libstdc++.so.6.0.17
2aaf3f380000-2aaf3f388000 r-xp 000e7000 00:10 43383                      /usr/lib64/libstdc++.so.6.0.17
2aaf3f388000-2aaf3f38a000 rwxp 000ef000 00:10 43383                      /usr/lib64/libstdc++.so.6.0.17
2aaf3f38a000-2aaf3f3a0000 rwxp 00000000 00:00 0 
2aaf3f3a0000-2aaf3f3b5000 r-xp 00000000 00:10 42601                      /lib64/libgcc_s.so.1
2aaf3f3b5000-2aaf3f5b4000 ---p 00015000 00:10 42601                      /lib64/libgcc_s.so.1
2aaf3f5b4000-2aaf3f5b5000 r-xp 00014000 00:10 42601                      /lib64/libgcc_s.so.1
2aaf3f5b5000-2aaf3f5b6000 
2b023a499000-2b023a4d2000 r-xp 00000000 00:19 70063875                   /lrz/mnt/sys.x86_64/intel/compiler/composer_xe_2015.5.223/compiler/lib/intel64/liboffload.so.5
2b023a4d2000-2b023a6d1000 ---p 00039000 00:19 70063875                   /lrz/mnt/sys.x86_64/intel/compiler/composer_xe_2015.5.223/compiler/lib/intel64/liboffload.so.5
2b023a6d1000-2b023a6d3000 rwxp 00038000 00:19 70063875                   /lrz/mnt/sys.x86_64/intel/compiler/composer_xe_2015.5.223/compiler/lib/intel64/liboffload.so.5
2b023a6d3000-2b023a6d4000 rwxp 00000000 00:00 0 
2b023a6d4000-2b023a710000 r-xp 00000000 00:19 84953497                   /lrz/mnt/sys.x86_64/intel/compiler/composer_xe_2015.5.223/compiler/lib/intel64/libcilkrts.so.5
2b023a710000-2b023a90f000 ---p 0003c000 00:19 84953497                   /lrz/mnt/sys.x86_64/intel/compiler/composer_xe_2015.5.223/compiler/lib/intel64/libcilkrts.so.5
2b023a90f000-2b023a910000 r-xp 0003b000 00:19 84953497                   /lrz/mnt/sys.x86_64/intel/compiler/composer_xe_2015.5.223/c0 rwxp 00015000 00:10 42601                      /lib64/libgcc_s.so.1
2aaf3f5b6000-2aaf3f724000 r-xp 00000000 00:10 42816                      /lib64/libc-2.11.3.so
2aaf3f724000-2aaf3f923000 ---p 0016e000 00:10 42816                      /lib64/libc-2.11.3.so
2aaf3f923000-2aaf3f927000 r-xp 0016d000 00:10 42816                      /lib64/libc-2.11.3.so
2aaf3f927000-2aaf3f928000 rwxp 00171000 00:10 42816                      /lib64/libc-2.11.3.so
2aaf3f928000-2aaf3f92e000 rwxp 00000000 00:00 0 
2aaf3f92e000-2aaf3fba8000 r-xp 00000000 00:19 84953498                   /lrz/mnt/sys.x86_64/intel/compiler/composer_xe_2015.5.223/compiler/lib/intel64/libimf.so
2aaf3fba8000-2aaf3fda7000 ---p 0027a000 00:19 84953498                   /lrz/mnt/sys.x86_64/intel/compiler/composer_xe_2015.5.223/compiler/lib/intel64/libimf.so
2aaf3fda7000-2aaf3fde9000 rwxp 00279000 00:19 84953498                   /lrz/mnt/sys.x86_64/intel/compiler/composer_xe_2015.5.223/compiler/lib/intel64/libimf.so
2aaf3fde9000-2aaf40a85000 r-xp 00000000 00:19 70063879                   /lrz/mnt/sys.x86_64/intel/compiler/composer_xe_2015.5.223/compiler/lib/intel64/libsvml.so
2aaf40a85000-2aaf40c84000 ---p 00c9c000 00:19 70063879                   /lrz/mnt/sys.x86_64/intel/compiler/composer_xe_2015.5.223/compiler/lib/intel64/libsvml.so
2aaf40c84000-2aaf40cbc000 rwxp 00c9b000 00:19 70063879                   /lrz/mnt/sys.x86_64/intel/compiler/composer_xe_2015.5.223/compiler/lib/intel64/libsvml.so
2aaf40cbc000-2aaf40cc1000 r-xp 00000000 00:19 70063872                   /lrz/mnt/sys.x86_64/intel/compiler/composer_xe_2015.5.223/compiler/lib/intel64/libirng.so
2aaf40cc1000-2aaf40ec1000 ---p 00005000 00:19 70063872                   /lrz/mnt/sys.x86_64/intel/compiler/composer_xe_2015.5.223/compiler/lib/intel64/libirng.so
2aaf40ec1000-2aaf40ec3000 rwxp 00005000 00:19 70063872                   /lrz/mnt/sys.x86_64/intel/compiler/composer_xe_2015.5.223/compiler/lib/intel64/libirng.so
2aaf40ec3000-2aaf40ec4000 rwxp 00000000 00:00 0 
2aaf40ec4000-2aaf40f20000 r-xp 00000ompiler/lib/intel64/libcilkrts.so.5
2b023a910000-2b023a912000 rwxp 0003c000 00:19 84953497                   /lrz/mnt/sys.x86_64/intel/compiler/composer_xe_2015.5.223/compiler/lib/intel64/libcilkrts.so.5
2b023a912000-2b023a915000 rwxp 00000000 00:00 0 
2b023a915000-2b023a9fd000 r-xp 00000000 00:10 43383                      /usr/lib64/libstdc++.so.6.0.17
2b023a9fd000-2b023abfc000 ---p 000e8000 00:10 43383                      /usr/lib64/libstdc++.so.6.0.17
2b023abfc000-2b023ac04000 r-xp 000e7000 00:10 43383                      /usr/lib64/libstdc++.so.6.0.17
2b023ac04000-2b023ac06000 rwxp 000ef000 00:10 43383                      /usr/lib64/libstdc++.so.6.0.17
2b023ac06000-2b023ac1c000 rwxp 00000000 00:00 0 
2b023ac1c000-2b023ac31000 r-xp 00000000 00:10 42601                      /lib64/libgcc_s.so.1
2b023ac31000-2b023ae30000 ---p 00015000 00:10 42601                      /lib64/libgcc_s.so.1
2b023ae30000-2b023ae31000 r-xp 00014000 00:10 42601                      /lib64/libgcc_s.so.1
2b023ae31000-2b023ae32000 rwxp 00015000 00:10 42601                      /lib64/libgcc_s.so.1
2b023ae32000-2b023afa0000 r-xp 00000000 00:10 42816                      /lib64/libc-2.11.3.so
2b023afa0000-2b023b19f000 ---p 0016e000 00:10 42816                      /lib64/libc-2.11.3.so
2b023b19f000-2b023b1a3000 r-xp 0016d000 00:10 42816                      /lib64/libc-2.11.3.so
2b023b1a3000-2b023b1a4000 rwxp 00171000 00:10 42816                      /lib64/libc-2.11.3.so
2b023b1a4000-2b023b1aa000 rwxp 00000000 00:00 0 
2b023b1aa000-2b023b424000 r-xp 00000000 00:19 84953498                   /lrz/mnt/sys.x86_64/intel/compiler/composer_xe_2015.5.223/compiler/lib/intel64/libimf.so
2b023b424000-2b023b623000 ---p 0027a000 00:19 84953498                   /lrz/mnt/sys.x86_64/intel/compiler/composer_xe_2015.5.223/compiler/lib/intel64/libimf.so
2b023b623000-2b023b665000 rwxp 00279000 00:19 84953498                   /lrz/mnt/sys.x86_64/intel/compiler/composer_xe_2015.5.223/compiler/lib/intel64/libimf.so
2b023b665000-2b023c301000 r-xp 00000000000 00:19 84953500                   /lrz/mnt/sys.x86_64/intel/compiler/composer_xe_2015.5.223/compiler/lib/intel64/libintlc.so.5
2aaf40f20000-2aaf4111f000 ---p 0005c000 00:19 84953500                   /lrz/mnt/sys.x86_64/intel/compiler/composer_xe_2015.5.223/compiler/lib/intel64/libintlc.so.5
2aaf4111f000-2aaf41121000 rwxp 0005b000 00:19 84953500                   /lrz/mnt/sys.x86_64/intel/compiler/composer_xe_2015.5.223/compiler/lib/intel64/libintlc.so.5
2aaf41121000-2aaf41127000 rwxp 00000000 00:00 0 
2aaf41127000-2aaf41199000 r-xp 00000000 00:10 43924                      /usr/lib64/libcoi_host.so.0
2aaf41199000-2aaf41399000 ---p 00072000 00:10 43924                      /usr/lib64/libcoi_host.so.0
2aaf41399000-2aaf4139d000 rwxp 00072000 00:10 43924                      /usr/lib64/libcoi_host.so.0
2aaf4139d000-2aaf413ac000 rwxp 00000000 00:00 0 
2aaf413ac000-2aaf413ae000 r-xp 00000000 00:10 44871                      /usr/lib64/libscif.so.0.0.1
2aaf413ae000-2aaf415ad000 ---p 00002000 00:10 44871          00:19 70063879                   /lrz/mnt/sys.x86_64/intel/compiler/composer_xe_2015.5.223/compiler/lib/intel64/libsvml.so
2b023c301000-2b023c500000 ---p 00c9c000 00:19 70063879                   /lrz/mnt/sys.x86_64/intel/compiler/composer_xe_2015.5.223/compiler/lib/intel64/libsvml.so
2b023c500000-2b023c538000 rwxp 00c9b000 00:19 70063879                   /lrz/mnt/sys.x86_64/intel/compiler/composer_xe_2015.5.223/compiler/lib/intel64/libsvml.so
2b023c538000-2b023c53d000 r-xp 00000000 00:19 70063872                   /lrz/mnt/sys.x86_64/intel/compiler/composer_xe_2015.5.223/compiler/lib/intel64/libirng.so
2b023c53d000-2b023c73d000 ---p 00005000 00:19 70063872                   /lrz/mnt/sys.x86_64/intel/compiler/composer_xe_2015.5.223/compiler/lib/intel64/libirng.so
2b023c73d000-2b023c73f000 rwxp 00005000 00:19 70063872                   /lrz/mnt/sys.x86_64/intel/compiler/composer_xe_2015.5.223/compiler/lib/intel64/libirng.so
2b023c73f000-2b023c740000 rwxp 00000000 00:00 0 
2b023c740000-2b023c79c000 r-xp 00000             /usr/lib64/libscif.so.0.0.1
2aaf415ad000-2aaf415ae000 rwxp 00001000 00:10 44871                      /usr/lib64/libscif.so.0.0.1
2aaf415ae000-2aaf415af000 ---p 00000000 00:00 0 
2aaf415af000-2aaf417af000 rwxp 00000000 00:00 0 
2aaf417b9000-2aaf417c5000 r-xp 00000000 00:10 42612                      /lib64/libnss_files-2.11.3.so
2aaf417c5000-2aaf419c4000 ---p 0000c000 00:10 42612                      /lib64/libnss_files-2.11.3.so
2aaf419c4000-2aaf419c5000 r-xp 0000b000 00:10 42612                      /lib64/libnss_files-2.11.3.so
2aaf419c5000-2aaf419c6000 rwxp 0000c000 00:10 42612                      /lib64/libnss_files-2.11.3.so
2aaf419c6000-2aaf419da000 r-xp 00000000 00:10 42607                      /lib64/libnss_ldap.so.2
2aaf419da000-2aaf41bd9000 ---p 00014000 00:10 42607                      /lib64/libnss_ldap.so.2
2aaf41bd9000-2aaf41bda000 r-xp 00013000 00:10 42607                      /lib64/libnss_ldap.so.2
2aaf41bda000-2aaf41bdb000 rwxp 00014000 00:10 42607                      /lib64/l000 00:19 84953500                   /lrz/mnt/sys.x86_64/intel/compiler/composer_xe_2015.5.223/compiler/lib/intel64/libintlc.so.5
2b023c79c000-2b023c99b000 ---p 0005c000 00:19 84953500                   /lrz/mnt/sys.x86_64/intel/compiler/composer_xe_2015.5.223/compiler/lib/intel64/libintlc.so.5
2b023c99b000-2b023c99d000 rwxp 0005b000 00:19 84953500                   /lrz/mnt/sys.x86_64/intel/compiler/composer_xe_2015.5.223/compiler/lib/intel64/libintlc.so.5
2b023c99d000-2b023c9a3000 rwxp 00000000 00:00 0 
2b023c9a3000-2b023ca15000 r-xp 00000000 00:10 43924                      /usr/lib64/libcoi_host.so.0
2b023ca15000-2b023cc15000 ---p 00072000 00:10 43924                      /usr/lib64/libcoi_host.so.0
2b023cc15000-2b023cc19000 rwxp 00072000 00:10 43924                      /usr/lib64/libcoi_host.so.0
2b023cc19000-2b023cc28000 rwxp 00000000 00:00 0 
2b023cc28000-2b023cc2a000 r-xp 00000000 00:10 44871                      /usr/lib64/libscif.so.0.0.1
2b023cc2a000-2b023ce29000 ---p 00002000 00:10 44871         ibnss_ldap.so.2
2aaf41bdb000-2aaf41be7000 rwxp 00000000 00:00 0 
2aaf41be7000-2aaf41c2d000 r-xp 00000000 00:10 45425                      /usr/lib64/libldap-2.4.so.2.7.1
2aaf41c2d000-2aaf41e2d000 ---p 00046000 00:10 45425                      /usr/lib64/libldap-2.4.so.2.7.1
2aaf41e2d000-2aaf41e2e000 r-xp 00046000 00:10 45425                      /usr/lib64/libldap-2.4.so.2.7.1
2aaf41e2e000-2aaf41e30000 rwxp 00047000 00:10 45425                      /usr/lib64/libldap-2.4.so.2.7.1
2aaf41e30000-2aaf41e3e000 r-xp 00000000 00:10 47192                      /usr/lib64/liblber-2.4.so.2.7.1
2aaf41e3e000-2aaf4203d000 ---p 0000e000 00:10 47192                      /usr/lib64/liblber-2.4.so.2.7.1
2aaf4203d000-2aaf4203e000 r-xp 0000d000 00:10 47192                      /usr/lib64/liblber-2.4.so.2.7.1
2aaf4203e000-2aaf4203f000 rwxp 0000e000 00:10 47192                      /usr/lib64/liblber-2.4.so.2.7.1
2aaf4203f000-2aaf42058000 r-xp 00000000 00:10 44016                      /usr/lib64/libsasl2.so.2.0.22
2aaf42058000-2aa             /usr/lib64/libscif.so.0.0.1
2b023ce29000-2b023ce2a000 rwxp 00001000 00:10 44871                      /usr/lib64/libscif.so.0.0.1
2b023ce2a000-2b023ce2b000 ---p 00000000 00:00 0 
2b023ce2b000-2b023d02b000 rwxp 00000000 00:00 0 
2b023d035000-2b023d041000 r-xp 00000000 00:10 42612                      /lib64/libnss_files-2.11.3.so
2b023d041000-2b023d240000 ---p 0000c000 00:10 42612                      /lib64/libnss_files-2.11.3.so
2b023d240000-2b023d241000 r-xp 0000b000 00:10 42612                      /lib64/libnss_files-2.11.3.so
2b023d241000-2b023d242000 rwxp 0000c000 00:10 42612                      /lib64/libnss_files-2.11.3.so
2b023d242000-2b023d256000 r-xp 00000000 00:10 42607                      /lib64/libnss_ldap.so.2
2b023d256000-2b023d455000 ---p 00014000 00:10 42607                      /lib64/libnss_ldap.so.2
2b023d455000-2b023d456000 r-xp 00013000 00:10 42607                      /lib64/libnss_ldap.so.2
2b023d456000-2b023d457000 rwxp 00014000 00:10 42607                      /lib64/libnss_ldap.so.2
2b023d457000-2b023d463000 rwxp 00000000 00:00 0 
2b023d463000-2b023d4a9000 r-xp 00000000 00:10 45425                      /usr/lib64/libldap-2.4.so.2.7.1
2b023d4a9000-2b023d6a9000 ---p 00046000 00:10 45425                      /usr/lib64/libldap-2.4.so.2.7.1
2b023d6a9000-2b023d6aa000 r-xp 00046000 00:10 45425                      /usr/lib64/libldap-2.4.so.2.7.1
2b023d6aa000-2b023d6ac000 rwxp 00047000 00:10 45425                      /usr/lib64/libldap-2.4.so.2.7.1
2b023d6ac000-2b023d6ba000 r-xp 00000000 00:10 47192                      /usr/lib64/liblber-2.4.so.2.7.1
2b023d6ba000-2b023d8b9000 ---p 0000e000 00:10 47192                      /usr/lib64/liblber-2.4.so.2.7.1
2b023d8b9000-2b023d8ba000 r-xp 0000d000 00:10 47192                      /usr/lib64/liblber-2.4.so.2.7.1
2b023d8ba000-2b023d8bb000 rwxp 0000e000 00:10 47192                      /usr/lib64/liblber-2.4.so.2.7.1
2b023d8bb000-2b023d8d4000 r-xp 00000000 00:10 44016                      /usr/lib64/libsasl2.so.2.0.22
2b023d8d4000-2b0f42258000 ---p 00019000 00:10 44016                      /usr/lib64/libsasl2.so.2.0.22
2aaf42258000-2aaf42259000 r-xp 00019000 00:10 44016                      /usr/lib64/libsasl2.so.2.0.22
2aaf42259000-2aaf4225a000 rwxp 0001a000 00:10 44016                      /usr/lib64/libsasl2.so.2.0.22
2aaf4225a000-2aaf422f8000 r-xp 00000000 00:10 43530                      /usr/lib64/libkrb5.so.3.3
2aaf422f8000-2aaf424f7000 ---p 0009e000 00:10 43530                      /usr/lib64/libkrb5.so.3.3
2aaf424f7000-2aaf424fa000 r-xp 0009d000 00:10 43530                      /usr/lib64/libkrb5.so.3.3
2aaf424fa000-2aaf424fc000 rwxp 000a0000 00:10 43530                      /usr/lib64/libkrb5.so.3.3
2aaf424fc000-2aaf424ff000 r-xp 00000000 00:10 42864                      /lib64/libcom_err.so.2.1
2aaf424ff000-2aaf426fe000 ---p 00003000 00:10 42864                      /lib64/libcom_err.so.2.1
2aaf426fe000-2aaf426ff000 r-xp 00002000 00:10 42864                      /lib64/libcom_err.so.2.1
2aaf426ff000-2aaf42700000 rwxp 00003000 023dad4000 ---p 00019000 00:10 44016                      /usr/lib64/libsasl2.so.2.0.22
2b023dad4000-2b023dad5000 r-xp 00019000 00:10 44016                      /usr/lib64/libsasl2.so.2.0.22
2b023dad5000-2b023dad6000 rwxp 0001a000 00:10 44016                      /usr/lib64/libsasl2.so.2.0.22
2b023dad6000-2b023db74000 r-xp 00000000 00:10 43530                      /usr/lib64/libkrb5.so.3.3
2b023db74000-2b023dd73000 ---p 0009e000 00:10 43530                      /usr/lib64/libkrb5.so.3.3
2b023dd73000-2b023dd76000 r-xp 0009d000 00:10 43530                      /usr/lib64/libkrb5.so.3.3
2b023dd76000-2b023dd78000 rwxp 000a0000 00:10 43530                      /usr/lib64/libkrb5.so.3.3
2b023dd78000-2b023dd7b000 r-xp 00000000 00:10 42864                      /lib64/libcom_err.so.2.1
2b023dd7b000-2b023df7a000 ---p 00003000 00:10 42864                      /lib64/libcom_err.so.2.1
2b023df7a000-2b023df7b000 r-xp 00002000 00:10 42864                      /lib64/libcom_err.so.2.1
2b023df7b000-2b023df7c000 rwxp 00003000 00:10 42864                      /lib64/libcom_err.so.2.1
2aaf42700000-2aaf4272b000 r-xp 00000000 00:10 44969                      /usr/lib64/libgssapi_krb5.so.2.2
2aaf4272b000-2aaf4292b000 ---p 0002b000 00:10 44969                      /usr/lib64/libgssapi_krb5.so.2.2
2aaf4292b000-2aaf4292c000 r-xp 0002b000 00:10 44969                      /usr/lib64/libgssapi_krb5.so.2.2
2aaf4292c000-2aaf4292d000 rwxp 0002c000 00:10 44969                      /usr/lib64/libgssapi_krb5.so.2.2
2aaf4292d000-2aaf42942000 r-xp 00000000 00:10 42732                      /lib64/libnsl-2.11.3.so
2aaf42942000-2aaf42b41000 ---p 00015000 00:10 42732                      /lib64/libnsl-2.11.3.so
2aaf42b41000-2aaf42b42000 r-xp 00014000 00:10 42732                      /lib64/libnsl-2.11.3.so
2aaf42b42000-2aaf42b43000 rwxp 00015000 00:10 42732                      /lib64/libnsl-2.11.3.so
2aaf42b43000-2aaf42b45000 rwxp 00000000 00:00 0 
2aaf42b45000-2aaf42b58000 r-xp 00000000 00:10 42852                      /lib64/libresolv-2.11.3.so
2aaf420:10 42864                      /lib64/libcom_err.so.2.1
2b023df7c000-2b023dfa7000 r-xp 00000000 00:10 44969                      /usr/lib64/libgssapi_krb5.so.2.2
2b023dfa7000-2b023e1a7000 ---p 0002b000 00:10 44969                      /usr/lib64/libgssapi_krb5.so.2.2
2b023e1a7000-2b023e1a8000 r-xp 0002b000 00:10 44969                      /usr/lib64/libgssapi_krb5.so.2.2
2b023e1a8000-2b023e1a9000 rwxp 0002c000 00:10 44969                      /usr/lib64/libgssapi_krb5.so.2.2
2b023e1a9000-2b023e1be000 r-xp 00000000 00:10 42732                      /lib64/libnsl-2.11.3.so
2b023e1be000-2b023e3bd000 ---p 00015000 00:10 42732                      /lib64/libnsl-2.11.3.so
2b023e3bd000-2b023e3be000 r-xp 00014000 00:10 42732                      /lib64/libnsl-2.11.3.so
2b023e3be000-2b023e3bf000 rwxp 00015000 00:10 42732                      /lib64/libnsl-2.11.3.so
2b023e3bf000-2b023e3c1000 rwxp 00000000 00:00 0 
2b023e3c1000-2b023e3d4000 r-xp 00000000 00:10 42852                      /lib64/libresolv-2.11.3.so
2b023eb58000-2aaf42d58000 ---p 00013000 00:10 42852                      /lib64/libresolv-2.11.3.so
2aaf42d58000-2aaf42d59000 r-xp 00013000 00:10 42852                      /lib64/libresolv-2.11.3.so
2aaf42d59000-2aaf42d5a000 rwxp 00014000 00:10 42852                      /lib64/libresolv-2.11.3.so
2aaf42d5a000-2aaf42d5c000 rwxp 00000000 00:00 0 
2aaf42d5c000-2aaf42dab000 r-xp 00000000 00:10 44262                      /usr/lib64/libssl.so.0.9.8
2aaf42dab000-2aaf42faa000 ---p 0004f000 00:10 44262                      /usr/lib64/libssl.so.0.9.8
2aaf42faa000-2aaf42fac000 r-xp 0004e000 00:10 44262                      /usr/lib64/libssl.so.0.9.8
2aaf42fac000-2aaf42fb2000 rwxp 00050000 00:10 44262                      /usr/lib64/libssl.so.0.9.8
2aaf42fb2000-2aaf43125000 r-xp 00000000 00:10 44950                      /usr/lib64/libcrypto.so.0.9.8
2aaf43125000-2aaf43324000 ---p 00173000 00:10 44950                      /usr/lib64/libcrypto.so.0.9.8
2aaf43324000-2aaf43334000 r-xp 00172000 00:10 44950                      /u3d4000-2b023e5d4000 ---p 00013000 00:10 42852                      /lib64/libresolv-2.11.3.so
2b023e5d4000-2b023e5d5000 r-xp 00013000 00:10 42852                      /lib64/libresolv-2.11.3.so
2b023e5d5000-2b023e5d6000 rwxp 00014000 00:10 42852                      /lib64/libresolv-2.11.3.so
2b023e5d6000-2b023e5d8000 rwxp 00000000 00:00 0 
2b023e5d8000-2b023e627000 r-xp 00000000 00:10 44262                      /usr/lib64/libssl.so.0.9.8
2b023e627000-2b023e826000 ---p 0004f000 00:10 44262                      /usr/lib64/libssl.so.0.9.8
2b023e826000-2b023e828000 r-xp 0004e000 00:10 44262                      /usr/lib64/libssl.so.0.9.8
2b023e828000-2b023e82e000 rwxp 00050000 00:10 44262                      /usr/lib64/libssl.so.0.9.8
2b023e82e000-2b023e9a1000 r-xp 00000000 00:10 44950                      /usr/lib64/libcrypto.so.0.9.8
2b023e9a1000-2b023eba0000 ---p 00173000 00:10 44950                      /usr/lib64/libcrypto.so.0.9.8
2b023eba0000-2b023ebb0000 r-xp 00172000 00:10 44950                      /usr/lib64/libcrypto.so.0.9.8
2aaf43334000-2aaf4334d000 rwxp 00182000 00:10 44950                      /usr/lib64/libcrypto.so.0.9.8
2aaf4334d000-2aaf43351000 rwxp 00000000 00:00 0 
2aaf43351000-2aaf43375000 r-xp 00000000 00:10 44263                      /usr/lib64/libk5crypto.so.3.1
2aaf43375000-2aaf43574000 ---p 00024000 00:10 44263                      /usr/lib64/libk5crypto.so.3.1
2aaf43574000-2aaf43576000 r-xp 00023000 00:10 44263                      /usr/lib64/libk5crypto.so.3.1
2aaf43576000-2aaf43577000 rwxp 00025000 00:10 44263                      /usr/lib64/libk5crypto.so.3.1
2aaf43577000-2aaf4357e000 r-xp 00000000 00:10 43512                      /usr/lib64/libkrb5support.so.0.1
2aaf4357e000-2aaf4377e000 ---p 00007000 00:10 43512                      /usr/lib64/libkrb5support.so.0.1
2aaf4377e000-2aaf4377f000 r-xp 00007000 00:10 43512                      /usr/lib64/libkrb5support.so.0.1
2aaf4377f000-2aaf43780000 rwxp 00008000 00:10 43512                      /usr/lib64/libkrb5support.so.0.1
2aaf4378sr/lib64/libcrypto.so.0.9.8
2b023ebb0000-2b023ebc9000 rwxp 00182000 00:10 44950                      /usr/lib64/libcrypto.so.0.9.8
2b023ebc9000-2b023ebcd000 rwxp 00000000 00:00 0 
2b023ebcd000-2b023ebf1000 r-xp 00000000 00:10 44263                      /usr/lib64/libk5crypto.so.3.1
2b023ebf1000-2b023edf0000 ---p 00024000 00:10 44263                      /usr/lib64/libk5crypto.so.3.1
2b023edf0000-2b023edf2000 r-xp 00023000 00:10 44263                      /usr/lib64/libk5crypto.so.3.1
2b023edf2000-2b023edf3000 rwxp 00025000 00:10 44263                      /usr/lib64/libk5crypto.so.3.1
2b023edf3000-2b023edfa000 r-xp 00000000 00:10 43512                      /usr/lib64/libkrb5support.so.0.1
2b023edfa000-2b023effa000 ---p 00007000 00:10 43512                      /usr/lib64/libkrb5support.so.0.1
2b023effa000-2b023effb000 r-xp 00007000 00:10 43512                      /usr/lib64/libkrb5support.so.0.1
2b023effb000-2b023effc000 rwxp 00008000 00:10 43512                      /usr/lib64/libkrb5support.so.0.1
2b023eff0000-2aaf43782000 r-xp 00000000 00:10 42799                      /lib64/libkeyutils-1.2.so
2aaf43782000-2aaf43981000 ---p 00002000 00:10 42799                      /lib64/libkeyutils-1.2.so
2aaf43981000-2aaf43982000 r-xp 00001000 00:10 42799                      /lib64/libkeyutils-1.2.so
2aaf43982000-2aaf43983000 rwxp 00002000 00:10 42799                      /lib64/libkeyutils-1.2.so
2aaf43983000-2aaf43998000 r-xp 00000000 00:10 42621                      /lib64/libz.so.1.2.7
2aaf43998000-2aaf43b97000 ---p 00015000 00:10 42621                      /lib64/libz.so.1.2.7
2aaf43b97000-2aaf43b98000 r-xp 00014000 00:10 42621                      /lib64/libz.so.1.2.7
2aaf43b98000-2aaf43b99000 rwxp 00015000 00:10 42621                      /lib64/libz.so.1.2.7
2aaf43b99000-2aaf4b39a000 rwxs 00000000 00:12 47096306                   /dev/shm/Intel_MPI_qF3CWx (deleted)
2aaf4b39a000-2aaf4b39b000 -w-s 101ffaf7000 00:10 83413                   /dev/infiniband/uverbs0
2aaf4b39b000-2aaf4b39c000 -w-s 101ffef7000 00:10 83413c000-2b023effe000 r-xp 00000000 00:10 42799                      /lib64/libkeyutils-1.2.so
2b023effe000-2b023f1fd000 ---p 00002000 00:10 42799                      /lib64/libkeyutils-1.2.so
2b023f1fd000-2b023f1fe000 r-xp 00001000 00:10 42799                      /lib64/libkeyutils-1.2.so
2b023f1fe000-2b023f1ff000 rwxp 00002000 00:10 42799                      /lib64/libkeyutils-1.2.so
2b023f1ff000-2b023f214000 r-xp 00000000 00:10 42621                      /lib64/libz.so.1.2.7
2b023f214000-2b023f413000 ---p 00015000 00:10 42621                      /lib64/libz.so.1.2.7
2b023f413000-2b023f414000 r-xp 00014000 00:10 42621                      /lib64/libz.so.1.2.7
2b023f414000-2b023f415000 rwxp 00015000 00:10 42621                      /lib64/libz.so.1.2.7
2b023f415000-2b0246c16000 rwxs 00000000 00:12 47096306                   /dev/shm/Intel_MPI_qF3CWx (deleted)
2b0246c16000-2b0246c17000 -w-s 101ffb01000 00:10 83413                   /dev/infiniband/uverbs0
2b0246c17000-2b0246c18000 -w-s 101fff01000 00:10 83413                   /dev/infiniband/uverbs0
2aaf4b39c000-2aaf4b39e000 rwxp 00000000 00:00 0 
2aaf4b3a4000-2aaf4b3ae000 r-xp 00000000 00:10 44211                      /usr/lib64/libdat2.so.2.0.0
2aaf4b3ae000-2aaf4b5ae000 ---p 0000a000 00:10 44211                      /usr/lib64/libdat2.so.2.0.0
2aaf4b5ae000-2aaf4b5af000 r-xp 0000a000 00:10 44211                      /usr/lib64/libdat2.so.2.0.0
2aaf4b5af000-2aaf4b5b0000 rwxp 0000b000 00:10 44211                      /usr/lib64/libdat2.so.2.0.0
2aaf4b5b0000-2aaf4b5d4000 r-xp 00000000 00:10 43337                      /usr/lib64/libdaploucm.so.2.0.0
2aaf4b5d4000-2aaf4b7d3000 ---p 00024000 00:10 43337                      /usr/lib64/libdaploucm.so.2.0.0
2aaf4b7d3000-2aaf4b7d4000 r-xp 00023000 00:10 43337                      /usr/lib64/libdaploucm.so.2.0.0
2aaf4b7d4000-2aaf4b7d5000 rwxp 00024000 00:10 43337                      /usr/lib64/libdaploucm.so.2.0.0
2aaf4b7d5000-2aaf4b7e8000 r-xp 00000000 00:10 43393                      /usr/lib64/libibverbs.so.1.0.0
2aaf                   /dev/infiniband/uverbs0
2b0246c18000-2b0246c1a000 rwxp 00000000 00:00 0 
2b0246c20000-2b0246c2a000 r-xp 00000000 00:10 44211                      /usr/lib64/libdat2.so.2.0.0
2b0246c2a000-2b0246e2a000 ---p 0000a000 00:10 44211                      /usr/lib64/libdat2.so.2.0.0
2b0246e2a000-2b0246e2b000 r-xp 0000a000 00:10 44211                      /usr/lib64/libdat2.so.2.0.0
2b0246e2b000-2b0246e2c000 rwxp 0000b000 00:10 44211                      /usr/lib64/libdat2.so.2.0.0
2b0246e2c000-2b0246e50000 r-xp 00000000 00:10 43337                      /usr/lib64/libdaploucm.so.2.0.0
2b0246e50000-2b024704f000 ---p 00024000 00:10 43337                      /usr/lib64/libdaploucm.so.2.0.0
2b024704f000-2b0247050000 r-xp 00023000 00:10 43337                      /usr/lib64/libdaploucm.so.2.0.0
2b0247050000-2b0247051000 rwxp 00024000 00:10 43337                      /usr/lib64/libdaploucm.so.2.0.0
2b0247051000-2b0247064000 r-xp 00000000 00:10 43393                      /usr/lib64/libibverbs.so.1.0.0
2b024b7e8000-2aaf4b9e8000 ---p 00013000 00:10 43393                      /usr/lib64/libibverbs.so.1.0.0
2aaf4b9e8000-2aaf4b9e9000 r-xp 00013000 00:10 43393                      /usr/lib64/libibverbs.so.1.0.0
2aaf4b9e9000-2aaf4b9ea000 rwxp 00014000 00:10 43393                      /usr/lib64/libibverbs.so.1.0.0
2aaf4b9ea000-2aaf4ba36000 r-xp 00000000 00:10 42706                      /lib64/libnl.so.1.1
2aaf4ba36000-2aaf4bc36000 ---p 0004c000 00:10 42706                      /lib64/libnl.so.1.1
2aaf4bc36000-2aaf4bc37000 r-xp 0004c000 00:10 42706                      /lib64/libnl.so.1.1
2aaf4bc37000-2aaf4bc3c000 rwxp 0004d000 00:10 42706                      /lib64/libnl.so.1.1
2aaf4bc3c000-2aaf4bc3f000 r-xp 00000000 00:10 44182                      /usr/lib64/libibscif-rdmav2.so
2aaf4bc3f000-2aaf4be3e000 ---p 00003000 00:10 44182                      /usr/lib64/libibscif-rdmav2.so
2aaf4be3e000-2aaf4be3f000 r-xp 00002000 00:10 44182                      /usr/lib64/libibscif-rdmav2.so
2aaf4be3f000-2aaf4be40000 rwxp 047064000-2b0247264000 ---p 00013000 00:10 43393                      /usr/lib64/libibverbs.so.1.0.0
2b0247264000-2b0247265000 r-xp 00013000 00:10 43393                      /usr/lib64/libibverbs.so.1.0.0
2b0247265000-2b0247266000 rwxp 00014000 00:10 43393                      /usr/lib64/libibverbs.so.1.0.0
2b0247266000-2b02472b2000 r-xp 00000000 00:10 42706                      /lib64/libnl.so.1.1
2b02472b2000-2b02474b2000 ---p 0004c000 00:10 42706                      /lib64/libnl.so.1.1
2b02474b2000-2b02474b3000 r-xp 0004c000 00:10 42706                      /lib64/libnl.so.1.1
2b02474b3000-2b02474b8000 rwxp 0004d000 00:10 42706                      /lib64/libnl.so.1.1
2b02474b8000-2b02474bb000 r-xp 00000000 00:10 44182                      /usr/lib64/libibscif-rdmav2.so
2b02474bb000-2b02476ba000 ---p 00003000 00:10 44182                      /usr/lib64/libibscif-rdmav2.so
2b02476ba000-2b02476bb000 r-xp 00002000 00:10 44182                      /usr/lib64/libibscif-rdmav2.so
2b02476bb000-2b02476bc000 rwxp 00003000 00:10 44182                      /usr/lib64/libibscif-rdmav2.so
2b02476bc000-2b02476ca000 r-xp 00000000 00:10 43859                      /usr/lib64/libmlx4-rdmav2.so
2b02476ca000-2b02478ca000 ---p 0000e000 00:10 43859                      /usr/lib64/libmlx4-rdmav2.so
2b02478ca000-2b02478cb000 r-xp 0000e000 00:10 43859                      /usr/lib64/libmlx4-rdmav2.so
2b02478cb000-2b02478cc000 rwxp 0000f000 00:10 43859                      /usr/lib64/libmlx4-rdmav2.so
2b02478cc000-2b0247994000 rwxp 00000000 00:00 0 
2b02479a0000-2b02479c0000 rwxs 01102000 00:10 83413                      /dev/infiniband/uverbs0
2b02479c0000-2b0247c1c000 rwxp 00000000 00:00 0 
2b0247c1c000-2b0247c1d000 ---p 00000000 00:00 0 
2b0247c1d000-2b0247e1d000 rwxp 00000000 00:00 0 
2b0248556000-2b0248557000 ---p 00000000 00:00 0 
2b0248557000-2b0248757000 rwxp 00000000 00:00 0 
2b0248757000-2b0248758000 rwxs 00000000 00:04 47096975                   /dev/zero (deleted)
2b0248758000-2b0248761000 rwxs 00000000 00:04 47096976      0003000 00:10 44182                      /usr/lib64/libibscif-rdmav2.so
2aaf4be40000-2aaf4be4e000 r-xp 00000000 00:10 43859                      /usr/lib64/libmlx4-rdmav2.so
2aaf4be4e000-2aaf4c04e000 ---p 0000e000 00:10 43859                      /usr/lib64/libmlx4-rdmav2.so
2aaf4c04e000-2aaf4c04f000 r-xp 0000e000 00:10 43859                      /usr/lib64/libmlx4-rdmav2.so
2aaf4c04f000-2aaf4c050000 rwxp 0000f000 00:10 43859                      /usr/lib64/libmlx4-rdmav2.so
2aaf4c050000-2aaf4c118000 rwxp 00000000 00:00 0 
2aaf4c120000-2aaf4c140000 rwxs 01102000 00:10 83413                      /dev/infiniband/uverbs0
2aaf4c140000-2aaf4c39c000 rwxp 00000000 00:00 0 
2aaf4c39c000-2aaf4c39d000 ---p 00000000 00:00 0 
2aaf4c39d000-2aaf4c59d000 rwxp 00000000 00:00 0 
2aaf4ccd6000-2aaf4ccd7000 ---p 00000000 00:00 0 
2aaf4ccd7000-2aaf4ced7000 rwxp 00000000 00:00 0 
2aaf4ced7000-2aaf4ced8000 rwxs 00000000 00:04 47092335                   /dev/zero (deleted)
2aaf4ced8000-2aaf4cee1000 rwxs 00000000 00:04 47092336                   /dev/zero (deleted)
2aaf4cee1000-2aaf4cee2000 ---p 00000000 00:00 0 
2aaf4cee2000-2aaf4d0e2000 rwxp 00000000 00:00 0 
2aaf4d0e2000-2aaf4d0e3000 rwxs 00000000 00:04 47092337                   /dev/zero (deleted)
2aaf4d0e3000-2aaf4d0e4000 ---p 00000000 00:00 0 
2aaf4d0e4000-2aaf4d2e4000 rwxp 00000000 00:00 0 
2aaf4da1d000-2aaf4da1e000 ---p 00000000 00:00 0 
2aaf4da1e000-2aaf4dc1e000 rwxp 00000000 00:00 0 
2aaf4dc1e000-2aaf4dc1f000 rwxs 00000000 00:04 47092338                   /dev/zero (deleted)
2aaf4dc1f000-2aaf4dc28000 rwxs 00000000 00:04 47092339                   /dev/zero (deleted)
2aaf4dc28000-2aaf4dc29000 ---p 00000000 00:00 0 
2aaf4dc29000-2aaf4de29000 rwxp 00000000 00:00 0 
2aaf4de29000-2aaf4de2a000 rwxs 00000000 00:04 47092340                   /dev/zero (deleted)
2aaf4de2a000-2aaf52873000 rwxp 00000000 00:00 0 
2aaf52873000-2aaf572bb000 rwxp 00000000 00:00 0 
2aaf572bb000-2aaf787a9000 rwxp 00000000 00:00 0 
2aaf787a9000-2aaf99c95000 rwxp 00000000 00:00 0 
2aaf99c95000-2aaf99c96000 rwxp              /dev/zero (deleted)
2b0248761000-2b0248762000 ---p 00000000 00:00 0 
2b0248762000-2b0248962000 rwxp 00000000 00:00 0 
2b0248962000-2b0248963000 rwxs 00000000 00:04 47096977                   /dev/zero (deleted)
2b0248963000-2b0248964000 ---p 00000000 00:00 0 
2b0248964000-2b0248b64000 rwxp 00000000 00:00 0 
2b024929d000-2b024929e000 ---p 00000000 00:00 0 
2b024929e000-2b024949e000 rwxp 00000000 00:00 0 
2b024949e000-2b024949f000 rwxs 00000000 00:04 47096978                   /dev/zero (deleted)
2b024949f000-2b02494a8000 rwxs 00000000 00:04 47096979                   /dev/zero (deleted)
2b02494a8000-2b02494a9000 ---p 00000000 00:00 0 
2b02494a9000-2b02496a9000 rwxp 00000000 00:00 0 
2b02496a9000-2b02496aa000 rwxs 00000000 00:04 47096980                   /dev/zero (deleted)
2b02496aa000-2b024e0f3000 rwxp 00000000 00:00 0 
2b024e0f3000-2b0252b3b000 rwxp 00000000 00:00 0 
2b0252b3b000-2b0274029000 rwxp 00000000 00:00 0 
2b0274029000-2b0295515000 rwxp 00000000 00:00 0 
2b0295515000-2b0295516000 rwxp 00000000 00:00 0 
2b0298000000-2b0298021000 rwxp 00000000 00:00 0 
2b0298021000-2b029c000000 ---p 00000000 00:00 0 
7fff90b95000-7fff90bb9000 rwxp 00000000 00:00 0                          [stack]
7fff90be0000-7fff90be1000 r-xp 00000000 00:00 0                          [vdso]
ffffffffff600000-ffffffffff601000 r-xp 00000000 00:00 0                  [vsyscall]
00000000 00:00 0 
2aaf9c000000-2aaf9c021000 rwxp 00000000 00:00 0 
2aaf9c021000-2aafa0000000 ---p 00000000 00:00 0 
7fff198cc000-7fff198f0000 rwxp 00000000 00:00 0                          [stack]
7fff199ff000-7fff19a00000 r-xp 00000000 00:00 0                          [vdso]
ffffffffff600000-ffffffffff601000 r-xp 00000000 00:00 0                  [vsyscall]
